2019-04-27 21:39:52.747 [][] INFO  cn.hkxj.platform.PlatformApplication 50 - Starting PlatformApplication on LAPTOP-0P9MRN9T with PID 1060 (D:\Java\GithubRepository\hkxj\target\classes started by Yuki in D:\Java\GithubRepository\hkxj)
2019-04-27 21:39:52.758 [][] INFO  cn.hkxj.platform.PlatformApplication 659 - No active profile set, falling back to default profiles: default
2019-04-27 21:39:56.882 [][] INFO  org.apache.coyote.http11.Http11NioProtocol 180 - Initializing ProtocolHandler ["http-nio-80"]
2019-04-27 21:39:56.905 [][] INFO  org.apache.catalina.core.StandardService 180 - Starting service [Tomcat]
2019-04-27 21:39:56.905 [][] INFO  org.apache.catalina.core.StandardEngine 180 - Starting Servlet Engine: Apache Tomcat/8.5.31
2019-04-27 21:39:56.920 [][] INFO  org.apache.catalina.core.AprLifecycleListener 180 - Loaded APR based Apache Tomcat Native library [1.2.16] using APR version [1.6.3].
2019-04-27 21:39:56.920 [][] INFO  org.apache.catalina.core.AprLifecycleListener 180 - APR capabilities: IPv6 [true], sendfile [true], accept filters [false], random [true].
2019-04-27 21:39:56.920 [][] INFO  org.apache.catalina.core.AprLifecycleListener 180 - APR/OpenSSL configuration: useAprConnector [false], useOpenSSL [true]
2019-04-27 21:39:58.066 [][] INFO  org.apache.catalina.core.AprLifecycleListener 180 - OpenSSL successfully initialized [OpenSSL 1.0.2m  2 Nov 2017]
2019-04-27 21:39:58.291 [][] INFO  o.a.c.core.ContainerBase.[Tomcat].[localhost].[/] 180 - Initializing Spring embedded WebApplicationContext
2019-04-27 21:40:03.969 [][] INFO  org.apache.coyote.http11.Http11NioProtocol 180 - Starting ProtocolHandler ["http-nio-80"]
2019-04-27 21:40:04.012 [][] INFO  cn.hkxj.platform.PlatformApplication 59 - Started PlatformApplication in 11.756 seconds (JVM running for 15.962)
2019-04-27 21:40:04.899 [][] INFO  o.a.c.core.ContainerBase.[Tomcat].[localhost].[/] 180 - Initializing Spring FrameworkServlet 'dispatcherServlet'
2019-04-27 21:40:04.952 [][] INFO  com.zaxxer.hikari.HikariDataSource 110 - HikariPool-1 - Starting...
2019-04-27 21:40:05.276 [][] INFO  com.zaxxer.hikari.HikariDataSource 123 - HikariPool-1 - Start completed.
2019-04-27 21:40:05.406 [][] INFO  io.lettuce.core.EpollProvider 101 - Starting without optional epoll library
2019-04-27 21:40:05.409 [][] INFO  io.lettuce.core.KqueueProvider 101 - Starting without optional kqueue library
2019-04-27 21:55:14.854 [][] INFO  cn.hkxj.platform.PlatformApplication 50 - Starting PlatformApplication on LAPTOP-0P9MRN9T with PID 10928 (D:\Java\GithubRepository\hkxj\target\classes started by Yuki in D:\Java\GithubRepository\hkxj)
2019-04-27 21:55:14.862 [][] INFO  cn.hkxj.platform.PlatformApplication 659 - No active profile set, falling back to default profiles: default
2019-04-27 21:55:18.606 [][] INFO  org.apache.coyote.http11.Http11NioProtocol 180 - Initializing ProtocolHandler ["http-nio-80"]
2019-04-27 21:55:18.620 [][] INFO  org.apache.catalina.core.StandardService 180 - Starting service [Tomcat]
2019-04-27 21:55:18.620 [][] INFO  org.apache.catalina.core.StandardEngine 180 - Starting Servlet Engine: Apache Tomcat/8.5.31
2019-04-27 21:55:18.628 [][] INFO  org.apache.catalina.core.AprLifecycleListener 180 - Loaded APR based Apache Tomcat Native library [1.2.16] using APR version [1.6.3].
2019-04-27 21:55:18.628 [][] INFO  org.apache.catalina.core.AprLifecycleListener 180 - APR capabilities: IPv6 [true], sendfile [true], accept filters [false], random [true].
2019-04-27 21:55:18.628 [][] INFO  org.apache.catalina.core.AprLifecycleListener 180 - APR/OpenSSL configuration: useAprConnector [false], useOpenSSL [true]
2019-04-27 21:55:19.696 [][] INFO  org.apache.catalina.core.AprLifecycleListener 180 - OpenSSL successfully initialized [OpenSSL 1.0.2m  2 Nov 2017]
2019-04-27 21:55:19.918 [][] INFO  o.a.c.core.ContainerBase.[Tomcat].[localhost].[/] 180 - Initializing Spring embedded WebApplicationContext
2019-04-27 21:55:25.401 [][] INFO  org.apache.coyote.http11.Http11NioProtocol 180 - Starting ProtocolHandler ["http-nio-80"]
2019-04-27 21:55:25.451 [][] INFO  cn.hkxj.platform.PlatformApplication 59 - Started PlatformApplication in 11.075 seconds (JVM running for 13.467)
2019-04-27 21:55:25.928 [][] INFO  o.a.c.core.ContainerBase.[Tomcat].[localhost].[/] 180 - Initializing Spring FrameworkServlet 'dispatcherServlet'
2019-04-27 21:55:25.983 [][] INFO  com.zaxxer.hikari.HikariDataSource 110 - HikariPool-1 - Starting...
2019-04-27 21:55:26.244 [][] INFO  com.zaxxer.hikari.HikariDataSource 123 - HikariPool-1 - Start completed.
2019-04-27 21:55:26.433 [][] INFO  io.lettuce.core.EpollProvider 101 - Starting without optional epoll library
2019-04-27 21:55:26.439 [][] INFO  io.lettuce.core.KqueueProvider 101 - Starting without optional kqueue library
2019-04-27 22:05:00.768 [][] INFO  cn.hkxj.platform.PlatformApplication 50 - Starting PlatformApplication on LAPTOP-0P9MRN9T with PID 13692 (D:\Java\GithubRepository\hkxj\target\classes started by Yuki in D:\Java\GithubRepository\hkxj)
2019-04-27 22:05:00.774 [][] INFO  cn.hkxj.platform.PlatformApplication 659 - No active profile set, falling back to default profiles: default
2019-04-27 22:05:04.089 [][] INFO  org.apache.coyote.http11.Http11NioProtocol 180 - Initializing ProtocolHandler ["http-nio-80"]
2019-04-27 22:05:04.101 [][] INFO  org.apache.catalina.core.StandardService 180 - Starting service [Tomcat]
2019-04-27 22:05:04.101 [][] INFO  org.apache.catalina.core.StandardEngine 180 - Starting Servlet Engine: Apache Tomcat/8.5.31
2019-04-27 22:05:04.107 [][] INFO  org.apache.catalina.core.AprLifecycleListener 180 - Loaded APR based Apache Tomcat Native library [1.2.16] using APR version [1.6.3].
2019-04-27 22:05:04.108 [][] INFO  org.apache.catalina.core.AprLifecycleListener 180 - APR capabilities: IPv6 [true], sendfile [true], accept filters [false], random [true].
2019-04-27 22:05:04.108 [][] INFO  org.apache.catalina.core.AprLifecycleListener 180 - APR/OpenSSL configuration: useAprConnector [false], useOpenSSL [true]
2019-04-27 22:05:05.184 [][] INFO  org.apache.catalina.core.AprLifecycleListener 180 - OpenSSL successfully initialized [OpenSSL 1.0.2m  2 Nov 2017]
2019-04-27 22:05:05.380 [][] INFO  o.a.c.core.ContainerBase.[Tomcat].[localhost].[/] 180 - Initializing Spring embedded WebApplicationContext
2019-04-27 22:05:10.221 [][] INFO  org.apache.coyote.http11.Http11NioProtocol 180 - Starting ProtocolHandler ["http-nio-80"]
2019-04-27 22:05:10.263 [][] INFO  cn.hkxj.platform.PlatformApplication 59 - Started PlatformApplication in 9.903 seconds (JVM running for 11.954)
2019-04-27 22:05:10.920 [][] INFO  o.a.c.core.ContainerBase.[Tomcat].[localhost].[/] 180 - Initializing Spring FrameworkServlet 'dispatcherServlet'
2019-04-27 22:05:10.932 [][] INFO  com.zaxxer.hikari.HikariDataSource 110 - HikariPool-1 - Starting...
2019-04-27 22:05:11.135 [][] INFO  com.zaxxer.hikari.HikariDataSource 123 - HikariPool-1 - Start completed.
2019-04-27 22:05:11.260 [][] INFO  io.lettuce.core.EpollProvider 101 - Starting without optional epoll library
2019-04-27 22:05:11.263 [][] INFO  io.lettuce.core.KqueueProvider 101 - Starting without optional kqueue library
2019-04-27 22:05:33.457 [][] INFO  cn.hkxj.platform.PlatformApplication 50 - Starting PlatformApplication on LAPTOP-0P9MRN9T with PID 12180 (D:\Java\GithubRepository\hkxj\target\classes started by Yuki in D:\Java\GithubRepository\hkxj)
2019-04-27 22:05:33.462 [][] INFO  cn.hkxj.platform.PlatformApplication 659 - No active profile set, falling back to default profiles: default
2019-04-27 22:05:35.808 [][] INFO  org.apache.coyote.http11.Http11NioProtocol 180 - Initializing ProtocolHandler ["http-nio-80"]
2019-04-27 22:05:35.819 [][] INFO  org.apache.catalina.core.StandardService 180 - Starting service [Tomcat]
2019-04-27 22:05:35.820 [][] INFO  org.apache.catalina.core.StandardEngine 180 - Starting Servlet Engine: Apache Tomcat/8.5.31
2019-04-27 22:05:35.824 [][] INFO  org.apache.catalina.core.AprLifecycleListener 180 - Loaded APR based Apache Tomcat Native library [1.2.16] using APR version [1.6.3].
2019-04-27 22:05:35.824 [][] INFO  org.apache.catalina.core.AprLifecycleListener 180 - APR capabilities: IPv6 [true], sendfile [true], accept filters [false], random [true].
2019-04-27 22:05:35.824 [][] INFO  org.apache.catalina.core.AprLifecycleListener 180 - APR/OpenSSL configuration: useAprConnector [false], useOpenSSL [true]
2019-04-27 22:05:36.893 [][] INFO  org.apache.catalina.core.AprLifecycleListener 180 - OpenSSL successfully initialized [OpenSSL 1.0.2m  2 Nov 2017]
2019-04-27 22:05:37.165 [][] INFO  o.a.c.core.ContainerBase.[Tomcat].[localhost].[/] 180 - Initializing Spring embedded WebApplicationContext
2019-04-27 22:05:41.300 [][] INFO  org.apache.coyote.http11.Http11NioProtocol 180 - Starting ProtocolHandler ["http-nio-80"]
2019-04-27 22:05:41.334 [][] INFO  cn.hkxj.platform.PlatformApplication 59 - Started PlatformApplication in 8.161 seconds (JVM running for 10.129)
2019-04-27 22:05:41.633 [][] INFO  o.a.c.core.ContainerBase.[Tomcat].[localhost].[/] 180 - Initializing Spring FrameworkServlet 'dispatcherServlet'
2019-04-27 22:05:41.635 [][] INFO  com.zaxxer.hikari.HikariDataSource 110 - HikariPool-1 - Starting...
2019-04-27 22:05:41.815 [][] INFO  com.zaxxer.hikari.HikariDataSource 123 - HikariPool-1 - Start completed.
2019-04-27 22:05:41.916 [][] INFO  io.lettuce.core.EpollProvider 101 - Starting without optional epoll library
2019-04-27 22:05:41.917 [][] INFO  io.lettuce.core.KqueueProvider 101 - Starting without optional kqueue library
2019-04-27 22:06:12.663 [bd58a144-6de1-41d5-a447-84c241f70f56][] INFO  c.h.p.controller.wechat.WechatPlusController 60 - 
接收到来自微信服务器的认证消息：[f3749f257431d4499c4099bea420414c5457715b, 1556373970, 1271664670, 8644029032375285211]
2019-04-27 22:06:19.717 [8904872a-9b47-4a96-8799-7517fd3bee4a][] INFO  c.h.p.controller.wechat.WechatPlusController 60 - 
接收到来自微信服务器的认证消息：[2e619963f0c11cf64c6636e25e0d50fa09563134, 1556373978, 399416824, 8699843700552821758]
2019-04-27 22:07:08.891 [1023eb35-b0d8-40db-9046-fd2a9d8d3320][] INFO  c.h.p.controller.wechat.WechatPlusController 60 - 
接收到来自微信服务器的认证消息：[e9c02d842937a1283fa26b8910beab3209504460, 1556374027, 1201790510, 6629492923041741695]
2019-04-27 22:07:56.650 [][] INFO  cn.hkxj.platform.PlatformApplication 50 - Starting PlatformApplication on LAPTOP-0P9MRN9T with PID 9624 (D:\Java\GithubRepository\hkxj\target\classes started by Yuki in D:\Java\GithubRepository\hkxj)
2019-04-27 22:07:56.656 [][] INFO  cn.hkxj.platform.PlatformApplication 659 - No active profile set, falling back to default profiles: default
2019-04-27 22:08:00.045 [][] INFO  org.apache.coyote.http11.Http11NioProtocol 180 - Initializing ProtocolHandler ["http-nio-80"]
2019-04-27 22:08:00.057 [][] INFO  org.apache.catalina.core.StandardService 180 - Starting service [Tomcat]
2019-04-27 22:08:00.057 [][] INFO  org.apache.catalina.core.StandardEngine 180 - Starting Servlet Engine: Apache Tomcat/8.5.31
2019-04-27 22:08:00.064 [][] INFO  org.apache.catalina.core.AprLifecycleListener 180 - Loaded APR based Apache Tomcat Native library [1.2.16] using APR version [1.6.3].
2019-04-27 22:08:00.064 [][] INFO  org.apache.catalina.core.AprLifecycleListener 180 - APR capabilities: IPv6 [true], sendfile [true], accept filters [false], random [true].
2019-04-27 22:08:00.064 [][] INFO  org.apache.catalina.core.AprLifecycleListener 180 - APR/OpenSSL configuration: useAprConnector [false], useOpenSSL [true]
2019-04-27 22:08:01.139 [][] INFO  org.apache.catalina.core.AprLifecycleListener 180 - OpenSSL successfully initialized [OpenSSL 1.0.2m  2 Nov 2017]
2019-04-27 22:08:01.334 [][] INFO  o.a.c.core.ContainerBase.[Tomcat].[localhost].[/] 180 - Initializing Spring embedded WebApplicationContext
2019-04-27 22:08:06.320 [][] INFO  org.apache.coyote.http11.Http11NioProtocol 180 - Starting ProtocolHandler ["http-nio-80"]
2019-04-27 22:08:06.359 [][] INFO  cn.hkxj.platform.PlatformApplication 59 - Started PlatformApplication in 10.104 seconds (JVM running for 12.331)
2019-04-27 22:08:06.904 [][] INFO  o.a.c.core.ContainerBase.[Tomcat].[localhost].[/] 180 - Initializing Spring FrameworkServlet 'dispatcherServlet'
2019-04-27 22:08:06.915 [][] INFO  com.zaxxer.hikari.HikariDataSource 110 - HikariPool-1 - Starting...
2019-04-27 22:08:07.122 [][] INFO  com.zaxxer.hikari.HikariDataSource 123 - HikariPool-1 - Start completed.
2019-04-27 22:08:07.248 [][] INFO  io.lettuce.core.EpollProvider 101 - Starting without optional epoll library
2019-04-27 22:08:07.251 [][] INFO  io.lettuce.core.KqueueProvider 101 - Starting without optional kqueue library
2019-04-27 22:08:20.913 [a942797b-37e1-48f6-afb9-61123715d45a][] INFO  c.h.p.controller.wechat.WechatPlusController 60 - 
接收到来自微信服务器的认证消息：[6736403eb2daebf760aef8f30f7147cd6d70d588, 1556374095, 1055422311, 4169923572508489439]
2019-04-27 22:11:28.290 [][] INFO  cn.hkxj.platform.PlatformApplication 50 - Starting PlatformApplication on LAPTOP-0P9MRN9T with PID 8800 (D:\Java\GithubRepository\hkxj\target\classes started by Yuki in D:\Java\GithubRepository\hkxj)
2019-04-27 22:11:28.297 [][] INFO  cn.hkxj.platform.PlatformApplication 659 - No active profile set, falling back to default profiles: default
2019-04-27 22:11:31.595 [][] INFO  org.apache.coyote.http11.Http11NioProtocol 180 - Initializing ProtocolHandler ["http-nio-80"]
2019-04-27 22:11:31.608 [][] INFO  org.apache.catalina.core.StandardService 180 - Starting service [Tomcat]
2019-04-27 22:11:31.608 [][] INFO  org.apache.catalina.core.StandardEngine 180 - Starting Servlet Engine: Apache Tomcat/8.5.31
2019-04-27 22:11:31.614 [][] INFO  org.apache.catalina.core.AprLifecycleListener 180 - Loaded APR based Apache Tomcat Native library [1.2.16] using APR version [1.6.3].
2019-04-27 22:11:31.615 [][] INFO  org.apache.catalina.core.AprLifecycleListener 180 - APR capabilities: IPv6 [true], sendfile [true], accept filters [false], random [true].
2019-04-27 22:11:31.615 [][] INFO  org.apache.catalina.core.AprLifecycleListener 180 - APR/OpenSSL configuration: useAprConnector [false], useOpenSSL [true]
2019-04-27 22:11:32.677 [][] INFO  org.apache.catalina.core.AprLifecycleListener 180 - OpenSSL successfully initialized [OpenSSL 1.0.2m  2 Nov 2017]
2019-04-27 22:11:32.873 [][] INFO  o.a.c.core.ContainerBase.[Tomcat].[localhost].[/] 180 - Initializing Spring embedded WebApplicationContext
2019-04-27 22:11:37.698 [][] INFO  org.apache.coyote.http11.Http11NioProtocol 180 - Starting ProtocolHandler ["http-nio-80"]
2019-04-27 22:11:37.735 [][] INFO  cn.hkxj.platform.PlatformApplication 59 - Started PlatformApplication in 9.835 seconds (JVM running for 12.019)
2019-04-27 22:11:38.164 [][] INFO  o.a.c.core.ContainerBase.[Tomcat].[localhost].[/] 180 - Initializing Spring FrameworkServlet 'dispatcherServlet'
2019-04-27 22:11:38.174 [][] INFO  com.zaxxer.hikari.HikariDataSource 110 - HikariPool-1 - Starting...
2019-04-27 22:11:38.381 [][] INFO  com.zaxxer.hikari.HikariDataSource 123 - HikariPool-1 - Start completed.
2019-04-27 22:11:38.506 [][] INFO  io.lettuce.core.EpollProvider 101 - Starting without optional epoll library
2019-04-27 22:11:38.509 [][] INFO  io.lettuce.core.KqueueProvider 101 - Starting without optional kqueue library
2019-04-27 22:12:08.038 [d68357db-56d7-4020-8070-c60afc704d56][] INFO  c.h.p.controller.wechat.WechatPlusController 60 - 
接收到来自微信服务器的认证消息：[085ffd0f43ab6de4f2a694d09dc4de9fb0602154, 1556374325, 1132185388, 1117177474102715325]
2019-04-27 22:12:21.257 [aea1f32a-5bd8-49d0-84b8-dcca0e95233d][] INFO  c.h.p.controller.wechat.WechatPlusController 60 - 
接收到来自微信服务器的认证消息：[c081a5bdf54002939e0e7ea84651fc4c321b0c29, 1556374339, 956660874, 5262139627622229839]
2019-04-27 22:12:43.042 [f98530f2-7d58-484d-9ba5-98b18fc23156][] INFO  c.h.p.controller.wechat.WechatPlusController 60 - 
接收到来自微信服务器的认证消息：[b146ca50f8fa327f06c7dd9d2ac6174857aa3f6d, 1556374361, 1395051370, 7999142682176025567]
2019-04-27 22:12:49.902 [][] INFO  cn.hkxj.platform.PlatformApplication 50 - Starting PlatformApplication on LAPTOP-0P9MRN9T with PID 8172 (D:\Java\GithubRepository\hkxj\target\classes started by Yuki in D:\Java\GithubRepository\hkxj)
2019-04-27 22:12:49.908 [][] INFO  cn.hkxj.platform.PlatformApplication 659 - No active profile set, falling back to default profiles: default
2019-04-27 22:12:52.256 [][] INFO  org.apache.coyote.http11.Http11NioProtocol 180 - Initializing ProtocolHandler ["http-nio-80"]
2019-04-27 22:12:52.267 [][] INFO  org.apache.catalina.core.StandardService 180 - Starting service [Tomcat]
2019-04-27 22:12:52.267 [][] INFO  org.apache.catalina.core.StandardEngine 180 - Starting Servlet Engine: Apache Tomcat/8.5.31
2019-04-27 22:12:52.270 [][] INFO  org.apache.catalina.core.AprLifecycleListener 180 - Loaded APR based Apache Tomcat Native library [1.2.16] using APR version [1.6.3].
2019-04-27 22:12:52.271 [][] INFO  org.apache.catalina.core.AprLifecycleListener 180 - APR capabilities: IPv6 [true], sendfile [true], accept filters [false], random [true].
2019-04-27 22:12:52.271 [][] INFO  org.apache.catalina.core.AprLifecycleListener 180 - APR/OpenSSL configuration: useAprConnector [false], useOpenSSL [true]
2019-04-27 22:12:53.343 [][] INFO  org.apache.catalina.core.AprLifecycleListener 180 - OpenSSL successfully initialized [OpenSSL 1.0.2m  2 Nov 2017]
2019-04-27 22:12:53.654 [][] INFO  o.a.c.core.ContainerBase.[Tomcat].[localhost].[/] 180 - Initializing Spring embedded WebApplicationContext
2019-04-27 22:12:57.475 [][] INFO  org.apache.coyote.http11.Http11NioProtocol 180 - Starting ProtocolHandler ["http-nio-80"]
2019-04-27 22:12:57.504 [][] INFO  cn.hkxj.platform.PlatformApplication 59 - Started PlatformApplication in 7.934 seconds (JVM running for 9.959)
2019-04-27 22:12:57.946 [][] INFO  o.a.c.core.ContainerBase.[Tomcat].[localhost].[/] 180 - Initializing Spring FrameworkServlet 'dispatcherServlet'
2019-04-27 22:12:57.956 [][] INFO  com.zaxxer.hikari.HikariDataSource 110 - HikariPool-1 - Starting...
2019-04-27 22:12:58.135 [][] INFO  com.zaxxer.hikari.HikariDataSource 123 - HikariPool-1 - Start completed.
2019-04-27 22:12:58.232 [][] INFO  io.lettuce.core.EpollProvider 101 - Starting without optional epoll library
2019-04-27 22:12:58.234 [][] INFO  io.lettuce.core.KqueueProvider 101 - Starting without optional kqueue library
2019-04-27 22:13:23.626 [8f0c3e60-53da-441e-a16d-6d298068c4e5][] INFO  c.h.p.controller.wechat.WechatPlusController 60 - 
接收到来自微信服务器的认证消息：[1703a4db94c2df943d389d432e3a0f937c97b627, 1556374402, 1574619898, 2794410972526574506]
2019-04-27 22:14:14.278 [][] INFO  cn.hkxj.platform.PlatformApplication 50 - Starting PlatformApplication on LAPTOP-0P9MRN9T with PID 9684 (D:\Java\GithubRepository\hkxj\target\classes started by Yuki in D:\Java\GithubRepository\hkxj)
2019-04-27 22:14:14.286 [][] INFO  cn.hkxj.platform.PlatformApplication 659 - No active profile set, falling back to default profiles: default
2019-04-27 22:14:17.512 [][] INFO  org.apache.coyote.http11.Http11NioProtocol 180 - Initializing ProtocolHandler ["http-nio-80"]
2019-04-27 22:14:17.525 [][] INFO  org.apache.catalina.core.StandardService 180 - Starting service [Tomcat]
2019-04-27 22:14:17.525 [][] INFO  org.apache.catalina.core.StandardEngine 180 - Starting Servlet Engine: Apache Tomcat/8.5.31
2019-04-27 22:14:17.530 [][] INFO  org.apache.catalina.core.AprLifecycleListener 180 - Loaded APR based Apache Tomcat Native library [1.2.16] using APR version [1.6.3].
2019-04-27 22:14:17.531 [][] INFO  org.apache.catalina.core.AprLifecycleListener 180 - APR capabilities: IPv6 [true], sendfile [true], accept filters [false], random [true].
2019-04-27 22:14:17.531 [][] INFO  org.apache.catalina.core.AprLifecycleListener 180 - APR/OpenSSL configuration: useAprConnector [false], useOpenSSL [true]
2019-04-27 22:14:18.599 [][] INFO  org.apache.catalina.core.AprLifecycleListener 180 - OpenSSL successfully initialized [OpenSSL 1.0.2m  2 Nov 2017]
2019-04-27 22:14:18.809 [][] INFO  o.a.c.core.ContainerBase.[Tomcat].[localhost].[/] 180 - Initializing Spring embedded WebApplicationContext
2019-04-27 22:14:23.627 [][] INFO  org.apache.coyote.http11.Http11NioProtocol 180 - Starting ProtocolHandler ["http-nio-80"]
2019-04-27 22:14:23.666 [][] INFO  cn.hkxj.platform.PlatformApplication 59 - Started PlatformApplication in 9.772 seconds (JVM running for 11.9)
2019-04-27 22:14:24.228 [][] INFO  com.zaxxer.hikari.HikariDataSource 110 - HikariPool-1 - Starting...
2019-04-27 22:14:24.228 [][] INFO  o.a.c.core.ContainerBase.[Tomcat].[localhost].[/] 180 - Initializing Spring FrameworkServlet 'dispatcherServlet'
2019-04-27 22:14:24.437 [][] INFO  com.zaxxer.hikari.HikariDataSource 123 - HikariPool-1 - Start completed.
2019-04-27 22:14:24.562 [][] INFO  io.lettuce.core.EpollProvider 101 - Starting without optional epoll library
2019-04-27 22:14:24.565 [][] INFO  io.lettuce.core.KqueueProvider 101 - Starting without optional kqueue library
2019-04-27 22:14:51.012 [363e55ae-cc00-46c4-a8ae-8524ce9f3dd3][] INFO  c.h.p.controller.wechat.WechatPlusController 60 - 
接收到来自微信服务器的认证消息：[a4299e3db03340fbe27fe0fed7d0d2571b4b38dd, 1556374489, 799849828, 7292696789030168571]
2019-04-27 22:15:06.510 [457a4c2c-2daa-4740-ab8b-968f72f1d515][] INFO  c.h.p.controller.wechat.WechatPlusController 60 - 
接收到来自微信服务器的认证消息：[4b65f3c02dd40675d1485d88eeb693d273048c89, 1556374503, 1802156287, 1207326269222219759]
2019-04-27 22:16:33.012 [7de13e5d-6526-466e-989b-b4237d83285d][] INFO  c.h.p.controller.wechat.WechatPlusController 60 - 
接收到来自微信服务器的认证消息：[909726dbbd53b8db27f0c3a61ec9b49e3739d98c, 1556374587, 1026776692, 3065684741005800639]
2019-04-27 22:26:10.380 [][] INFO  cn.hkxj.platform.PlatformApplication 50 - Starting PlatformApplication on LAPTOP-0P9MRN9T with PID 15072 (D:\Java\GithubRepository\hkxj\target\classes started by Yuki in D:\Java\GithubRepository\hkxj)
2019-04-27 22:26:10.385 [][] INFO  cn.hkxj.platform.PlatformApplication 659 - No active profile set, falling back to default profiles: default
2019-04-27 22:26:13.918 [][] INFO  org.apache.coyote.http11.Http11NioProtocol 180 - Initializing ProtocolHandler ["http-nio-80"]
2019-04-27 22:26:13.929 [][] INFO  org.apache.catalina.core.StandardService 180 - Starting service [Tomcat]
2019-04-27 22:26:13.930 [][] INFO  org.apache.catalina.core.StandardEngine 180 - Starting Servlet Engine: Apache Tomcat/8.5.31
2019-04-27 22:26:13.939 [][] INFO  org.apache.catalina.core.AprLifecycleListener 180 - Loaded APR based Apache Tomcat Native library [1.2.16] using APR version [1.6.3].
2019-04-27 22:26:13.939 [][] INFO  org.apache.catalina.core.AprLifecycleListener 180 - APR capabilities: IPv6 [true], sendfile [true], accept filters [false], random [true].
2019-04-27 22:26:13.939 [][] INFO  org.apache.catalina.core.AprLifecycleListener 180 - APR/OpenSSL configuration: useAprConnector [false], useOpenSSL [true]
2019-04-27 22:26:15.009 [][] INFO  org.apache.catalina.core.AprLifecycleListener 180 - OpenSSL successfully initialized [OpenSSL 1.0.2m  2 Nov 2017]
2019-04-27 22:26:15.204 [][] INFO  o.a.c.core.ContainerBase.[Tomcat].[localhost].[/] 180 - Initializing Spring embedded WebApplicationContext
2019-04-27 22:26:16.869 [][] INFO  org.apache.catalina.core.StandardService 180 - Stopping service [Tomcat]
2019-04-27 22:29:00.222 [][] INFO  cn.hkxj.platform.PlatformApplication 50 - Starting PlatformApplication on LAPTOP-0P9MRN9T with PID 2092 (D:\Java\GithubRepository\hkxj\target\classes started by Yuki in D:\Java\GithubRepository\hkxj)
2019-04-27 22:29:00.230 [][] INFO  cn.hkxj.platform.PlatformApplication 659 - No active profile set, falling back to default profiles: default
2019-04-27 22:29:03.793 [][] INFO  org.apache.coyote.http11.Http11NioProtocol 180 - Initializing ProtocolHandler ["http-nio-80"]
2019-04-27 22:29:03.809 [][] INFO  org.apache.catalina.core.StandardService 180 - Starting service [Tomcat]
2019-04-27 22:29:03.810 [][] INFO  org.apache.catalina.core.StandardEngine 180 - Starting Servlet Engine: Apache Tomcat/8.5.31
2019-04-27 22:29:03.816 [][] INFO  org.apache.catalina.core.AprLifecycleListener 180 - Loaded APR based Apache Tomcat Native library [1.2.16] using APR version [1.6.3].
2019-04-27 22:29:03.816 [][] INFO  org.apache.catalina.core.AprLifecycleListener 180 - APR capabilities: IPv6 [true], sendfile [true], accept filters [false], random [true].
2019-04-27 22:29:03.817 [][] INFO  org.apache.catalina.core.AprLifecycleListener 180 - APR/OpenSSL configuration: useAprConnector [false], useOpenSSL [true]
2019-04-27 22:29:04.872 [][] INFO  org.apache.catalina.core.AprLifecycleListener 180 - OpenSSL successfully initialized [OpenSSL 1.0.2m  2 Nov 2017]
2019-04-27 22:29:05.075 [][] INFO  o.a.c.core.ContainerBase.[Tomcat].[localhost].[/] 180 - Initializing Spring embedded WebApplicationContext
2019-04-27 22:29:06.787 [][] INFO  org.apache.catalina.core.StandardService 180 - Stopping service [Tomcat]
