2019-06-29 22:48:08.917 [][] INFO  cn.hkxj.platform.service.ExamTimeTableServiceTest 50 - Starting ExamTimeTableServiceTest on LAPTOP-0P9MRN9T with PID 11028 (started by Yuki in D:\Java\GithubRepository\hkxj)
2019-06-29 22:48:08.922 [][] INFO  cn.hkxj.platform.service.ExamTimeTableServiceTest 659 - No active profile set, falling back to default profiles: default
2019-06-29 22:48:23.852 [][] INFO  d.c.b.a.s.w.servlet.AdminControllerHandlerMapping 547 - Mapped "{[/instances/{instanceId}/actuator/**],methods=[GET || HEAD || POST || PUT || PATCH || DELETE || OPTIONS]}" onto public reactor.core.publisher.Mono<java.lang.Void> de.codecentric.boot.admin.server.web.servlet.InstancesProxyController.endpointProxy(java.lang.String,javax.servlet.http.HttpServletRequest,javax.servlet.http.HttpServletResponse) throws java.io.IOException
2019-06-29 22:48:23.863 [][] INFO  d.c.b.a.s.w.servlet.AdminControllerHandlerMapping 547 - Mapped "{[/instances],methods=[POST],consumes=[application/json]}" onto public reactor.core.publisher.Mono<org.springframework.http.ResponseEntity<java.util.Map<java.lang.String, de.codecentric.boot.admin.server.domain.values.InstanceId>>> de.codecentric.boot.admin.server.web.InstancesController.register(de.codecentric.boot.admin.server.domain.values.Registration,org.springframework.web.util.UriComponentsBuilder)
2019-06-29 22:48:23.863 [][] INFO  d.c.b.a.s.w.servlet.AdminControllerHandlerMapping 547 - Mapped "{[/instances/{id}],methods=[GET],produces=[application/json]}" onto public reactor.core.publisher.Mono<org.springframework.http.ResponseEntity<de.codecentric.boot.admin.server.domain.entities.Instance>> de.codecentric.boot.admin.server.web.InstancesController.instance(java.lang.String)
2019-06-29 22:48:23.864 [][] INFO  d.c.b.a.s.w.servlet.AdminControllerHandlerMapping 547 - Mapped "{[/instances],methods=[GET],produces=[application/json]}" onto public reactor.core.publisher.Flux<de.codecentric.boot.admin.server.domain.entities.Instance> de.codecentric.boot.admin.server.web.InstancesController.instances(java.lang.String)
2019-06-29 22:48:23.869 [][] INFO  d.c.b.a.s.w.servlet.AdminControllerHandlerMapping 547 - Mapped "{[/instances/events],methods=[GET],produces=[application/json]}" onto public reactor.core.publisher.Flux<de.codecentric.boot.admin.server.domain.events.InstanceEvent> de.codecentric.boot.admin.server.web.InstancesController.events()
2019-06-29 22:48:23.870 [][] INFO  d.c.b.a.s.w.servlet.AdminControllerHandlerMapping 547 - Mapped "{[/instances/events],methods=[GET],produces=[text/event-stream]}" onto public reactor.core.publisher.Flux<org.springframework.http.codec.ServerSentEvent<de.codecentric.boot.admin.server.domain.events.InstanceEvent>> de.codecentric.boot.admin.server.web.InstancesController.eventStream()
2019-06-29 22:48:23.870 [][] INFO  d.c.b.a.s.w.servlet.AdminControllerHandlerMapping 547 - Mapped "{[/instances/{id}],methods=[GET],produces=[text/event-stream]}" onto public reactor.core.publisher.Flux<org.springframework.http.codec.ServerSentEvent<de.codecentric.boot.admin.server.domain.entities.Instance>> de.codecentric.boot.admin.server.web.InstancesController.instanceStream(java.lang.String)
2019-06-29 22:48:23.871 [][] INFO  d.c.b.a.s.w.servlet.AdminControllerHandlerMapping 547 - Mapped "{[/instances/{id}],methods=[DELETE]}" onto public reactor.core.publisher.Mono<org.springframework.http.ResponseEntity<java.lang.Void>> de.codecentric.boot.admin.server.web.InstancesController.unregister(java.lang.String)
2019-06-29 22:48:23.878 [][] INFO  d.c.b.a.s.w.servlet.AdminControllerHandlerMapping 547 - Mapped "{[/applications/{name}],methods=[GET],produces=[application/json]}" onto public reactor.core.publisher.Mono<org.springframework.http.ResponseEntity<de.codecentric.boot.admin.server.web.ApplicationsController$Application>> de.codecentric.boot.admin.server.web.ApplicationsController.application(java.lang.String)
2019-06-29 22:48:23.879 [][] INFO  d.c.b.a.s.w.servlet.AdminControllerHandlerMapping 547 - Mapped "{[/applications],methods=[GET],produces=[application/json]}" onto public reactor.core.publisher.Flux<de.codecentric.boot.admin.server.web.ApplicationsController$Application> de.codecentric.boot.admin.server.web.ApplicationsController.applications()
2019-06-29 22:48:23.879 [][] INFO  d.c.b.a.s.w.servlet.AdminControllerHandlerMapping 547 - Mapped "{[/applications],methods=[GET],produces=[text/event-stream]}" onto public reactor.core.publisher.Flux<org.springframework.http.codec.ServerSentEvent<de.codecentric.boot.admin.server.web.ApplicationsController$Application>> de.codecentric.boot.admin.server.web.ApplicationsController.applicationsStream()
2019-06-29 22:48:23.880 [][] INFO  d.c.b.a.s.w.servlet.AdminControllerHandlerMapping 547 - Mapped "{[/applications/{name}],methods=[DELETE]}" onto public reactor.core.publisher.Mono<org.springframework.http.ResponseEntity<java.lang.Void>> de.codecentric.boot.admin.server.web.ApplicationsController.unregister(java.lang.String)
2019-06-29 22:48:23.883 [][] INFO  d.c.b.a.s.w.servlet.AdminControllerHandlerMapping 547 - Mapped "{[/],methods=[GET],produces=[text/html]}" onto public java.lang.String de.codecentric.boot.admin.server.ui.web.UiController.index()
2019-06-29 22:48:23.884 [][] INFO  d.c.b.a.s.w.servlet.AdminControllerHandlerMapping 547 - Mapped "{[/login],methods=[GET],produces=[text/html]}" onto public java.lang.String de.codecentric.boot.admin.server.ui.web.UiController.login()
2019-06-29 22:48:25.657 [][] INFO  cn.hkxj.platform.service.ExamTimeTableServiceTest 59 - Started ExamTimeTableServiceTest in 17.681 seconds (JVM running for 20.579)
2019-06-29 22:48:25.904 [][] INFO  com.zaxxer.hikari.HikariDataSource 110 - HikariPool-1 - Starting...
2019-06-29 22:48:26.273 [][] INFO  com.zaxxer.hikari.HikariDataSource 123 - HikariPool-1 - Start completed.
2019-06-29 22:48:26.791 [][] INFO  cn.hkxj.platform.service.ExamTimeTableService 64 - save exam timetable task run， class id316
2019-06-29 22:48:27.034 [][] INFO  com.zaxxer.hikari.HikariDataSource 381 - HikariPool-1 - Shutdown initiated...
2019-06-29 22:48:27.168 [][] INFO  com.zaxxer.hikari.HikariDataSource 383 - HikariPool-1 - Shutdown completed.
