2019-04-28 19:24:23.545 [][] INFO  cn.hkxj.platform.PlatformApplication 50 - Starting PlatformApplication on LAPTOP-0P9MRN9T with PID 3784 (D:\Java\GithubRepository\hkxj\target\classes started by Yuki in D:\Java\GithubRepository\hkxj)
2019-04-28 19:24:23.570 [][] INFO  cn.hkxj.platform.PlatformApplication 659 - No active profile set, falling back to default profiles: default
2019-04-28 19:24:57.485 [][] INFO  cn.hkxj.platform.PlatformApplication 50 - Starting PlatformApplication on LAPTOP-0P9MRN9T with PID 9152 (D:\Java\GithubRepository\hkxj\target\classes started by Yuki in D:\Java\GithubRepository\hkxj)
2019-04-28 19:24:57.516 [][] INFO  cn.hkxj.platform.PlatformApplication 659 - No active profile set, falling back to default profiles: default
2019-04-28 19:26:39.189 [][] INFO  cn.hkxj.platform.PlatformApplication 50 - Starting PlatformApplication on LAPTOP-0P9MRN9T with PID 10020 (D:\Java\GithubRepository\hkxj\target\classes started by Yuki in D:\Java\GithubRepository\hkxj)
2019-04-28 19:26:39.194 [][] INFO  cn.hkxj.platform.PlatformApplication 659 - No active profile set, falling back to default profiles: default
2019-04-28 19:26:56.825 [][] INFO  cn.hkxj.platform.PlatformApplication 50 - Starting PlatformApplication on LAPTOP-0P9MRN9T with PID 7692 (D:\Java\GithubRepository\hkxj\target\classes started by Yuki in D:\Java\GithubRepository\hkxj)
2019-04-28 19:26:56.835 [][] INFO  cn.hkxj.platform.PlatformApplication 659 - No active profile set, falling back to default profiles: default
2019-04-28 19:28:07.180 [][] INFO  cn.hkxj.platform.PlatformApplication 50 - Starting PlatformApplication on LAPTOP-0P9MRN9T with PID 15968 (D:\Java\GithubRepository\hkxj\target\classes started by Yuki in D:\Java\GithubRepository\hkxj)
2019-04-28 19:28:07.187 [][] INFO  cn.hkxj.platform.PlatformApplication 659 - No active profile set, falling back to default profiles: default
2019-04-28 19:29:42.940 [][] INFO  cn.hkxj.platform.PlatformApplication 50 - Starting PlatformApplication on LAPTOP-0P9MRN9T with PID 8372 (D:\Java\GithubRepository\hkxj\target\classes started by Yuki in D:\Java\GithubRepository\hkxj)
2019-04-28 19:29:42.946 [][] INFO  cn.hkxj.platform.PlatformApplication 659 - No active profile set, falling back to default profiles: default
2019-04-28 19:31:53.789 [][] INFO  cn.hkxj.platform.PlatformApplication 50 - Starting PlatformApplication on LAPTOP-0P9MRN9T with PID 14608 (D:\Java\GithubRepository\hkxj\target\classes started by Yuki in D:\Java\GithubRepository\hkxj)
2019-04-28 19:31:53.796 [][] INFO  cn.hkxj.platform.PlatformApplication 659 - No active profile set, falling back to default profiles: default
2019-04-28 19:35:28.712 [][] INFO  cn.hkxj.platform.PlatformApplication 50 - Starting PlatformApplication on LAPTOP-0P9MRN9T with PID 13528 (D:\Java\GithubRepository\hkxj\target\classes started by Yuki in D:\Java\GithubRepository\hkxj)
2019-04-28 19:35:28.719 [][] INFO  cn.hkxj.platform.PlatformApplication 659 - No active profile set, falling back to default profiles: default
2019-04-28 19:37:14.984 [][] INFO  cn.hkxj.platform.PlatformApplication 50 - Starting PlatformApplication on LAPTOP-0P9MRN9T with PID 12944 (D:\Java\GithubRepository\hkxj\target\classes started by Yuki in D:\Java\GithubRepository\hkxj)
2019-04-28 19:37:14.992 [][] INFO  cn.hkxj.platform.PlatformApplication 659 - No active profile set, falling back to default profiles: default
2019-04-28 19:37:39.913 [][] INFO  cn.hkxj.platform.PlatformApplication 50 - Starting PlatformApplication on LAPTOP-0P9MRN9T with PID 13700 (D:\Java\GithubRepository\hkxj\target\classes started by Yuki in D:\Java\GithubRepository\hkxj)
2019-04-28 19:37:39.919 [][] INFO  cn.hkxj.platform.PlatformApplication 659 - No active profile set, falling back to default profiles: default
2019-04-28 19:39:06.515 [][] INFO  cn.hkxj.platform.PlatformApplication 50 - Starting PlatformApplication on LAPTOP-0P9MRN9T with PID 728 (D:\Java\GithubRepository\hkxj\target\classes started by Yuki in D:\Java\GithubRepository\hkxj)
2019-04-28 19:39:06.522 [][] INFO  cn.hkxj.platform.PlatformApplication 659 - No active profile set, falling back to default profiles: default
2019-04-28 19:39:33.110 [][] INFO  cn.hkxj.platform.PlatformApplication 50 - Starting PlatformApplication on LAPTOP-0P9MRN9T with PID 9592 (D:\Java\GithubRepository\hkxj\target\classes started by Yuki in D:\Java\GithubRepository\hkxj)
2019-04-28 19:39:33.116 [][] INFO  cn.hkxj.platform.PlatformApplication 659 - No active profile set, falling back to default profiles: default
2019-04-28 19:40:40.927 [][] INFO  cn.hkxj.platform.PlatformApplication 50 - Starting PlatformApplication on LAPTOP-0P9MRN9T with PID 7936 (D:\Java\GithubRepository\hkxj\target\classes started by Yuki in D:\Java\GithubRepository\hkxj)
2019-04-28 19:40:40.933 [][] INFO  cn.hkxj.platform.PlatformApplication 659 - No active profile set, falling back to default profiles: default
2019-04-28 19:41:11.109 [][] INFO  cn.hkxj.platform.PlatformApplication 50 - Starting PlatformApplication on LAPTOP-0P9MRN9T with PID 9940 (D:\Java\GithubRepository\hkxj\target\classes started by Yuki in D:\Java\GithubRepository\hkxj)
2019-04-28 19:41:11.120 [][] INFO  cn.hkxj.platform.PlatformApplication 659 - No active profile set, falling back to default profiles: default
2019-04-28 19:43:55.101 [][] INFO  cn.hkxj.platform.PlatformApplication 50 - Starting PlatformApplication on LAPTOP-0P9MRN9T with PID 15828 (D:\Java\GithubRepository\hkxj\target\classes started by Yuki in D:\Java\GithubRepository\hkxj)
2019-04-28 19:43:55.109 [][] INFO  cn.hkxj.platform.PlatformApplication 659 - No active profile set, falling back to default profiles: default
2019-04-28 19:46:27.634 [][] INFO  cn.hkxj.platform.PlatformApplication 50 - Starting PlatformApplication on LAPTOP-0P9MRN9T with PID 7760 (D:\Java\GithubRepository\hkxj\target\classes started by Yuki in D:\Java\GithubRepository\hkxj)
2019-04-28 19:46:27.640 [][] INFO  cn.hkxj.platform.PlatformApplication 659 - No active profile set, falling back to default profiles: default
2019-04-28 19:48:09.644 [][] INFO  cn.hkxj.platform.PlatformApplication 50 - Starting PlatformApplication on LAPTOP-0P9MRN9T with PID 15936 (D:\Java\GithubRepository\hkxj\target\classes started by Yuki in D:\Java\GithubRepository\hkxj)
2019-04-28 19:48:09.650 [][] INFO  cn.hkxj.platform.PlatformApplication 659 - No active profile set, falling back to default profiles: default
2019-04-28 19:49:35.403 [][] INFO  cn.hkxj.platform.PlatformApplication 50 - Starting PlatformApplication on LAPTOP-0P9MRN9T with PID 10904 (D:\Java\GithubRepository\hkxj\target\classes started by Yuki in D:\Java\GithubRepository\hkxj)
2019-04-28 19:49:35.409 [][] INFO  cn.hkxj.platform.PlatformApplication 659 - No active profile set, falling back to default profiles: default
2019-04-28 19:49:45.044 [][] INFO  cn.hkxj.platform.PlatformApplication 50 - Starting PlatformApplication on LAPTOP-0P9MRN9T with PID 6308 (D:\Java\GithubRepository\hkxj\target\classes started by Yuki in D:\Java\GithubRepository\hkxj)
2019-04-28 19:49:45.050 [][] INFO  cn.hkxj.platform.PlatformApplication 659 - No active profile set, falling back to default profiles: default
2019-04-28 19:52:10.353 [][] INFO  cn.hkxj.platform.PlatformApplication 50 - Starting PlatformApplication on LAPTOP-0P9MRN9T with PID 7880 (D:\Java\GithubRepository\hkxj\target\classes started by Yuki in D:\Java\GithubRepository\hkxj)
2019-04-28 19:52:10.360 [][] INFO  cn.hkxj.platform.PlatformApplication 659 - No active profile set, falling back to default profiles: default
2019-04-28 19:54:53.964 [][] INFO  cn.hkxj.platform.PlatformApplication 50 - Starting PlatformApplication on LAPTOP-0P9MRN9T with PID 10668 (D:\Java\GithubRepository\hkxj\target\classes started by Yuki in D:\Java\GithubRepository\hkxj)
2019-04-28 19:54:53.972 [][] INFO  cn.hkxj.platform.PlatformApplication 659 - No active profile set, falling back to default profiles: default
2019-04-28 19:55:20.412 [][] INFO  cn.hkxj.platform.PlatformApplication 50 - Starting PlatformApplication on LAPTOP-0P9MRN9T with PID 14280 (D:\Java\GithubRepository\hkxj\target\classes started by Yuki in D:\Java\GithubRepository\hkxj)
2019-04-28 19:55:20.418 [][] INFO  cn.hkxj.platform.PlatformApplication 659 - No active profile set, falling back to default profiles: default
2019-04-28 19:59:26.628 [][] INFO  cn.hkxj.platform.PlatformApplication 50 - Starting PlatformApplication on LAPTOP-0P9MRN9T with PID 14940 (D:\Java\GithubRepository\hkxj\target\classes started by Yuki in D:\Java\GithubRepository\hkxj)
2019-04-28 19:59:26.634 [][] INFO  cn.hkxj.platform.PlatformApplication 659 - No active profile set, falling back to default profiles: default
2019-04-28 19:59:30.188 [][] INFO  org.apache.coyote.http11.Http11NioProtocol 180 - Initializing ProtocolHandler ["http-nio-80"]
2019-04-28 19:59:30.203 [][] INFO  org.apache.catalina.core.StandardService 180 - Starting service [Tomcat]
2019-04-28 19:59:30.203 [][] INFO  org.apache.catalina.core.StandardEngine 180 - Starting Servlet Engine: Apache Tomcat/8.5.31
2019-04-28 19:59:30.218 [][] INFO  org.apache.catalina.core.AprLifecycleListener 180 - Loaded APR based Apache Tomcat Native library [1.2.16] using APR version [1.6.3].
2019-04-28 19:59:30.219 [][] INFO  org.apache.catalina.core.AprLifecycleListener 180 - APR capabilities: IPv6 [true], sendfile [true], accept filters [false], random [true].
2019-04-28 19:59:30.219 [][] INFO  org.apache.catalina.core.AprLifecycleListener 180 - APR/OpenSSL configuration: useAprConnector [false], useOpenSSL [true]
2019-04-28 19:59:31.340 [][] INFO  org.apache.catalina.core.AprLifecycleListener 180 - OpenSSL successfully initialized [OpenSSL 1.0.2m  2 Nov 2017]
2019-04-28 19:59:31.581 [][] INFO  o.a.c.core.ContainerBase.[Tomcat].[localhost].[/] 180 - Initializing Spring embedded WebApplicationContext
2019-04-28 19:59:33.992 [][] INFO  org.apache.catalina.core.StandardService 180 - Stopping service [Tomcat]
2019-04-28 20:00:35.532 [][] INFO  cn.hkxj.platform.PlatformApplication 50 - Starting PlatformApplication on LAPTOP-0P9MRN9T with PID 9408 (D:\Java\GithubRepository\hkxj\target\classes started by Yuki in D:\Java\GithubRepository\hkxj)
2019-04-28 20:00:35.542 [][] INFO  cn.hkxj.platform.PlatformApplication 659 - No active profile set, falling back to default profiles: default
2019-04-28 20:00:38.774 [][] INFO  org.apache.coyote.http11.Http11NioProtocol 180 - Initializing ProtocolHandler ["http-nio-80"]
2019-04-28 20:00:38.788 [][] INFO  org.apache.catalina.core.StandardService 180 - Starting service [Tomcat]
2019-04-28 20:00:38.788 [][] INFO  org.apache.catalina.core.StandardEngine 180 - Starting Servlet Engine: Apache Tomcat/8.5.31
2019-04-28 20:00:38.794 [][] INFO  org.apache.catalina.core.AprLifecycleListener 180 - Loaded APR based Apache Tomcat Native library [1.2.16] using APR version [1.6.3].
2019-04-28 20:00:38.794 [][] INFO  org.apache.catalina.core.AprLifecycleListener 180 - APR capabilities: IPv6 [true], sendfile [true], accept filters [false], random [true].
2019-04-28 20:00:38.794 [][] INFO  org.apache.catalina.core.AprLifecycleListener 180 - APR/OpenSSL configuration: useAprConnector [false], useOpenSSL [true]
2019-04-28 20:00:39.877 [][] INFO  org.apache.catalina.core.AprLifecycleListener 180 - OpenSSL successfully initialized [OpenSSL 1.0.2m  2 Nov 2017]
2019-04-28 20:00:40.171 [][] INFO  o.a.c.core.ContainerBase.[Tomcat].[localhost].[/] 180 - Initializing Spring embedded WebApplicationContext
2019-04-28 20:00:42.450 [][] INFO  org.apache.catalina.core.StandardService 180 - Stopping service [Tomcat]
2019-04-28 20:02:14.510 [][] INFO  cn.hkxj.platform.PlatformApplication 50 - Starting PlatformApplication on LAPTOP-0P9MRN9T with PID 14564 (D:\Java\GithubRepository\hkxj\target\classes started by Yuki in D:\Java\GithubRepository\hkxj)
2019-04-28 20:02:14.516 [][] INFO  cn.hkxj.platform.PlatformApplication 659 - No active profile set, falling back to default profiles: default
2019-04-28 20:02:17.795 [][] INFO  org.apache.coyote.http11.Http11NioProtocol 180 - Initializing ProtocolHandler ["http-nio-80"]
2019-04-28 20:02:17.808 [][] INFO  org.apache.catalina.core.StandardService 180 - Starting service [Tomcat]
2019-04-28 20:02:17.809 [][] INFO  org.apache.catalina.core.StandardEngine 180 - Starting Servlet Engine: Apache Tomcat/8.5.31
2019-04-28 20:02:17.816 [][] INFO  org.apache.catalina.core.AprLifecycleListener 180 - Loaded APR based Apache Tomcat Native library [1.2.16] using APR version [1.6.3].
2019-04-28 20:02:17.816 [][] INFO  org.apache.catalina.core.AprLifecycleListener 180 - APR capabilities: IPv6 [true], sendfile [true], accept filters [false], random [true].
2019-04-28 20:02:17.816 [][] INFO  org.apache.catalina.core.AprLifecycleListener 180 - APR/OpenSSL configuration: useAprConnector [false], useOpenSSL [true]
2019-04-28 20:02:18.880 [][] INFO  org.apache.catalina.core.AprLifecycleListener 180 - OpenSSL successfully initialized [OpenSSL 1.0.2m  2 Nov 2017]
2019-04-28 20:02:19.093 [][] INFO  o.a.c.core.ContainerBase.[Tomcat].[localhost].[/] 180 - Initializing Spring embedded WebApplicationContext
2019-04-28 20:02:20.867 [][] INFO  org.apache.catalina.core.StandardService 180 - Stopping service [Tomcat]
2019-04-28 20:09:38.987 [][] INFO  cn.hkxj.platform.PlatformApplication 50 - Starting PlatformApplication on LAPTOP-0P9MRN9T with PID 15616 (D:\Java\GithubRepository\hkxj\target\classes started by Yuki in D:\Java\GithubRepository\hkxj)
2019-04-28 20:09:38.993 [][] INFO  cn.hkxj.platform.PlatformApplication 659 - No active profile set, falling back to default profiles: default
2019-04-28 20:09:42.082 [][] INFO  org.apache.coyote.http11.Http11NioProtocol 180 - Initializing ProtocolHandler ["http-nio-80"]
2019-04-28 20:09:42.096 [][] INFO  org.apache.catalina.core.StandardService 180 - Starting service [Tomcat]
2019-04-28 20:09:42.097 [][] INFO  org.apache.catalina.core.StandardEngine 180 - Starting Servlet Engine: Apache Tomcat/8.5.31
2019-04-28 20:09:42.102 [][] INFO  org.apache.catalina.core.AprLifecycleListener 180 - Loaded APR based Apache Tomcat Native library [1.2.16] using APR version [1.6.3].
2019-04-28 20:09:42.103 [][] INFO  org.apache.catalina.core.AprLifecycleListener 180 - APR capabilities: IPv6 [true], sendfile [true], accept filters [false], random [true].
2019-04-28 20:09:42.103 [][] INFO  org.apache.catalina.core.AprLifecycleListener 180 - APR/OpenSSL configuration: useAprConnector [false], useOpenSSL [true]
2019-04-28 20:09:43.168 [][] INFO  org.apache.catalina.core.AprLifecycleListener 180 - OpenSSL successfully initialized [OpenSSL 1.0.2m  2 Nov 2017]
2019-04-28 20:09:43.371 [][] INFO  o.a.c.core.ContainerBase.[Tomcat].[localhost].[/] 180 - Initializing Spring embedded WebApplicationContext
2019-04-28 20:09:45.480 [][] INFO  org.apache.catalina.core.StandardService 180 - Stopping service [Tomcat]
2019-04-28 20:19:25.173 [][] INFO  cn.hkxj.platform.PlatformApplication 50 - Starting PlatformApplication on LAPTOP-0P9MRN9T with PID 2916 (D:\Java\GithubRepository\hkxj\target\classes started by Yuki in D:\Java\GithubRepository\hkxj)
2019-04-28 20:19:25.179 [][] INFO  cn.hkxj.platform.PlatformApplication 659 - No active profile set, falling back to default profiles: default
2019-04-28 20:19:28.462 [][] INFO  org.apache.coyote.http11.Http11NioProtocol 180 - Initializing ProtocolHandler ["http-nio-80"]
2019-04-28 20:19:28.473 [][] INFO  org.apache.catalina.core.StandardService 180 - Starting service [Tomcat]
2019-04-28 20:19:28.474 [][] INFO  org.apache.catalina.core.StandardEngine 180 - Starting Servlet Engine: Apache Tomcat/8.5.31
2019-04-28 20:19:28.482 [][] INFO  org.apache.catalina.core.AprLifecycleListener 180 - Loaded APR based Apache Tomcat Native library [1.2.16] using APR version [1.6.3].
2019-04-28 20:19:28.482 [][] INFO  org.apache.catalina.core.AprLifecycleListener 180 - APR capabilities: IPv6 [true], sendfile [true], accept filters [false], random [true].
2019-04-28 20:19:28.482 [][] INFO  org.apache.catalina.core.AprLifecycleListener 180 - APR/OpenSSL configuration: useAprConnector [false], useOpenSSL [true]
2019-04-28 20:19:29.556 [][] INFO  org.apache.catalina.core.AprLifecycleListener 180 - OpenSSL successfully initialized [OpenSSL 1.0.2m  2 Nov 2017]
2019-04-28 20:19:29.832 [][] INFO  o.a.c.core.ContainerBase.[Tomcat].[localhost].[/] 180 - Initializing Spring embedded WebApplicationContext
2019-04-28 20:19:32.089 [][] INFO  org.apache.catalina.core.StandardService 180 - Stopping service [Tomcat]
2019-04-28 20:37:42.828 [][] INFO  cn.hkxj.platform.PlatformApplication 50 - Starting PlatformApplication on LAPTOP-0P9MRN9T with PID 12368 (D:\Java\GithubRepository\hkxj\target\classes started by Yuki in D:\Java\GithubRepository\hkxj)
2019-04-28 20:37:42.834 [][] INFO  cn.hkxj.platform.PlatformApplication 659 - No active profile set, falling back to default profiles: default
2019-04-28 20:37:45.908 [][] INFO  org.apache.coyote.http11.Http11NioProtocol 180 - Initializing ProtocolHandler ["http-nio-80"]
2019-04-28 20:37:45.921 [][] INFO  org.apache.catalina.core.StandardService 180 - Starting service [Tomcat]
2019-04-28 20:37:45.921 [][] INFO  org.apache.catalina.core.StandardEngine 180 - Starting Servlet Engine: Apache Tomcat/8.5.31
2019-04-28 20:37:45.926 [][] INFO  org.apache.catalina.core.AprLifecycleListener 180 - Loaded APR based Apache Tomcat Native library [1.2.16] using APR version [1.6.3].
2019-04-28 20:37:45.927 [][] INFO  org.apache.catalina.core.AprLifecycleListener 180 - APR capabilities: IPv6 [true], sendfile [true], accept filters [false], random [true].
2019-04-28 20:37:45.927 [][] INFO  org.apache.catalina.core.AprLifecycleListener 180 - APR/OpenSSL configuration: useAprConnector [false], useOpenSSL [true]
2019-04-28 20:37:46.994 [][] INFO  org.apache.catalina.core.AprLifecycleListener 180 - OpenSSL successfully initialized [OpenSSL 1.0.2m  2 Nov 2017]
2019-04-28 20:37:47.183 [][] INFO  o.a.c.core.ContainerBase.[Tomcat].[localhost].[/] 180 - Initializing Spring embedded WebApplicationContext
2019-04-28 20:37:49.251 [][] INFO  org.apache.catalina.core.StandardService 180 - Stopping service [Tomcat]
2019-04-28 20:37:53.864 [][] INFO  cn.hkxj.platform.PlatformApplication 50 - Starting PlatformApplication on LAPTOP-0P9MRN9T with PID 15628 (D:\Java\GithubRepository\hkxj\target\classes started by Yuki in D:\Java\GithubRepository\hkxj)
2019-04-28 20:37:53.870 [][] INFO  cn.hkxj.platform.PlatformApplication 659 - No active profile set, falling back to default profiles: default
2019-04-28 20:37:56.957 [][] INFO  org.apache.coyote.http11.Http11NioProtocol 180 - Initializing ProtocolHandler ["http-nio-80"]
2019-04-28 20:37:56.974 [][] INFO  org.apache.catalina.core.StandardService 180 - Starting service [Tomcat]
2019-04-28 20:37:56.974 [][] INFO  org.apache.catalina.core.StandardEngine 180 - Starting Servlet Engine: Apache Tomcat/8.5.31
2019-04-28 20:37:56.980 [][] INFO  org.apache.catalina.core.AprLifecycleListener 180 - Loaded APR based Apache Tomcat Native library [1.2.16] using APR version [1.6.3].
2019-04-28 20:37:56.981 [][] INFO  org.apache.catalina.core.AprLifecycleListener 180 - APR capabilities: IPv6 [true], sendfile [true], accept filters [false], random [true].
2019-04-28 20:37:56.981 [][] INFO  org.apache.catalina.core.AprLifecycleListener 180 - APR/OpenSSL configuration: useAprConnector [false], useOpenSSL [true]
2019-04-28 20:37:58.048 [][] INFO  org.apache.catalina.core.AprLifecycleListener 180 - OpenSSL successfully initialized [OpenSSL 1.0.2m  2 Nov 2017]
2019-04-28 20:37:58.241 [][] INFO  o.a.c.core.ContainerBase.[Tomcat].[localhost].[/] 180 - Initializing Spring embedded WebApplicationContext
2019-04-28 20:38:00.295 [][] INFO  org.apache.catalina.core.StandardService 180 - Stopping service [Tomcat]
2019-04-28 20:45:33.641 [][] INFO  cn.hkxj.platform.PlatformApplication 50 - Starting PlatformApplication on LAPTOP-0P9MRN9T with PID 12408 (D:\Java\GithubRepository\hkxj\target\classes started by Yuki in D:\Java\GithubRepository\hkxj)
2019-04-28 20:45:33.647 [][] INFO  cn.hkxj.platform.PlatformApplication 659 - No active profile set, falling back to default profiles: default
2019-04-28 20:45:36.758 [][] INFO  org.apache.coyote.http11.Http11NioProtocol 180 - Initializing ProtocolHandler ["http-nio-80"]
2019-04-28 20:45:36.771 [][] INFO  org.apache.catalina.core.StandardService 180 - Starting service [Tomcat]
2019-04-28 20:45:36.771 [][] INFO  org.apache.catalina.core.StandardEngine 180 - Starting Servlet Engine: Apache Tomcat/8.5.31
2019-04-28 20:45:36.777 [][] INFO  org.apache.catalina.core.AprLifecycleListener 180 - Loaded APR based Apache Tomcat Native library [1.2.16] using APR version [1.6.3].
2019-04-28 20:45:36.777 [][] INFO  org.apache.catalina.core.AprLifecycleListener 180 - APR capabilities: IPv6 [true], sendfile [true], accept filters [false], random [true].
2019-04-28 20:45:36.777 [][] INFO  org.apache.catalina.core.AprLifecycleListener 180 - APR/OpenSSL configuration: useAprConnector [false], useOpenSSL [true]
2019-04-28 20:45:37.847 [][] INFO  org.apache.catalina.core.AprLifecycleListener 180 - OpenSSL successfully initialized [OpenSSL 1.0.2m  2 Nov 2017]
2019-04-28 20:45:38.037 [][] INFO  o.a.c.core.ContainerBase.[Tomcat].[localhost].[/] 180 - Initializing Spring embedded WebApplicationContext
2019-04-28 20:45:40.244 [][] INFO  org.apache.catalina.core.StandardService 180 - Stopping service [Tomcat]
2019-04-28 20:49:28.159 [][] INFO  cn.hkxj.platform.PlatformApplication 50 - Starting PlatformApplication on LAPTOP-0P9MRN9T with PID 14908 (D:\Java\GithubRepository\hkxj\target\classes started by Yuki in D:\Java\GithubRepository\hkxj)
2019-04-28 20:49:28.164 [][] INFO  cn.hkxj.platform.PlatformApplication 659 - No active profile set, falling back to default profiles: default
2019-04-28 20:49:31.280 [][] INFO  org.apache.coyote.http11.Http11NioProtocol 180 - Initializing ProtocolHandler ["http-nio-80"]
2019-04-28 20:49:31.292 [][] INFO  org.apache.catalina.core.StandardService 180 - Starting service [Tomcat]
2019-04-28 20:49:31.292 [][] INFO  org.apache.catalina.core.StandardEngine 180 - Starting Servlet Engine: Apache Tomcat/8.5.31
2019-04-28 20:49:31.298 [][] INFO  org.apache.catalina.core.AprLifecycleListener 180 - Loaded APR based Apache Tomcat Native library [1.2.16] using APR version [1.6.3].
2019-04-28 20:49:31.299 [][] INFO  org.apache.catalina.core.AprLifecycleListener 180 - APR capabilities: IPv6 [true], sendfile [true], accept filters [false], random [true].
2019-04-28 20:49:31.299 [][] INFO  org.apache.catalina.core.AprLifecycleListener 180 - APR/OpenSSL configuration: useAprConnector [false], useOpenSSL [true]
2019-04-28 20:49:32.350 [][] INFO  org.apache.catalina.core.AprLifecycleListener 180 - OpenSSL successfully initialized [OpenSSL 1.0.2m  2 Nov 2017]
2019-04-28 20:49:32.536 [][] INFO  o.a.c.core.ContainerBase.[Tomcat].[localhost].[/] 180 - Initializing Spring embedded WebApplicationContext
2019-04-28 20:49:34.639 [][] INFO  org.apache.catalina.core.StandardService 180 - Stopping service [Tomcat]
2019-04-28 20:53:25.853 [][] INFO  cn.hkxj.platform.PlatformApplication 50 - Starting PlatformApplication on LAPTOP-0P9MRN9T with PID 14976 (D:\Java\GithubRepository\hkxj\target\classes started by Yuki in D:\Java\GithubRepository\hkxj)
2019-04-28 20:53:25.860 [][] INFO  cn.hkxj.platform.PlatformApplication 659 - No active profile set, falling back to default profiles: default
2019-04-28 20:53:29.041 [][] INFO  org.apache.coyote.http11.Http11NioProtocol 180 - Initializing ProtocolHandler ["http-nio-80"]
2019-04-28 20:53:29.052 [][] INFO  org.apache.catalina.core.StandardService 180 - Starting service [Tomcat]
2019-04-28 20:53:29.052 [][] INFO  org.apache.catalina.core.StandardEngine 180 - Starting Servlet Engine: Apache Tomcat/8.5.31
2019-04-28 20:53:29.058 [][] INFO  org.apache.catalina.core.AprLifecycleListener 180 - Loaded APR based Apache Tomcat Native library [1.2.16] using APR version [1.6.3].
2019-04-28 20:53:29.058 [][] INFO  org.apache.catalina.core.AprLifecycleListener 180 - APR capabilities: IPv6 [true], sendfile [true], accept filters [false], random [true].
2019-04-28 20:53:29.058 [][] INFO  org.apache.catalina.core.AprLifecycleListener 180 - APR/OpenSSL configuration: useAprConnector [false], useOpenSSL [true]
2019-04-28 20:53:30.122 [][] INFO  org.apache.catalina.core.AprLifecycleListener 180 - OpenSSL successfully initialized [OpenSSL 1.0.2m  2 Nov 2017]
2019-04-28 20:53:30.302 [][] INFO  o.a.c.core.ContainerBase.[Tomcat].[localhost].[/] 180 - Initializing Spring embedded WebApplicationContext
2019-04-28 20:53:32.405 [][] INFO  org.apache.catalina.core.StandardService 180 - Stopping service [Tomcat]
2019-04-28 20:57:58.838 [][] INFO  cn.hkxj.platform.PlatformApplication 50 - Starting PlatformApplication on LAPTOP-0P9MRN9T with PID 10280 (D:\Java\GithubRepository\hkxj\target\classes started by Yuki in D:\Java\GithubRepository\hkxj)
2019-04-28 20:57:58.843 [][] INFO  cn.hkxj.platform.PlatformApplication 659 - No active profile set, falling back to default profiles: default
2019-04-28 20:58:08.488 [][] INFO  org.apache.coyote.http11.Http11NioProtocol 180 - Initializing ProtocolHandler ["http-nio-80"]
2019-04-28 20:58:08.573 [][] INFO  org.apache.catalina.core.StandardService 180 - Starting service [Tomcat]
2019-04-28 20:58:08.574 [][] INFO  org.apache.catalina.core.StandardEngine 180 - Starting Servlet Engine: Apache Tomcat/8.5.31
2019-04-28 20:58:08.593 [][] INFO  org.apache.catalina.core.AprLifecycleListener 180 - Loaded APR based Apache Tomcat Native library [1.2.16] using APR version [1.6.3].
2019-04-28 20:58:08.593 [][] INFO  org.apache.catalina.core.AprLifecycleListener 180 - APR capabilities: IPv6 [true], sendfile [true], accept filters [false], random [true].
2019-04-28 20:58:08.594 [][] INFO  org.apache.catalina.core.AprLifecycleListener 180 - APR/OpenSSL configuration: useAprConnector [false], useOpenSSL [true]
2019-04-28 20:58:09.652 [][] INFO  org.apache.catalina.core.AprLifecycleListener 180 - OpenSSL successfully initialized [OpenSSL 1.0.2m  2 Nov 2017]
2019-04-28 20:58:10.436 [][] INFO  o.a.c.core.ContainerBase.[Tomcat].[localhost].[/] 180 - Initializing Spring embedded WebApplicationContext
2019-04-28 20:58:27.164 [][] INFO  org.apache.catalina.core.StandardService 180 - Stopping service [Tomcat]
2019-04-28 21:07:51.546 [][] INFO  cn.hkxj.platform.PlatformApplication 50 - Starting PlatformApplication on LAPTOP-0P9MRN9T with PID 8288 (D:\Java\GithubRepository\hkxj\target\classes started by Yuki in D:\Java\GithubRepository\hkxj)
2019-04-28 21:07:51.551 [][] INFO  cn.hkxj.platform.PlatformApplication 659 - No active profile set, falling back to default profiles: default
2019-04-28 21:07:54.618 [][] INFO  org.apache.coyote.http11.Http11NioProtocol 180 - Initializing ProtocolHandler ["http-nio-80"]
2019-04-28 21:07:54.632 [][] INFO  org.apache.catalina.core.StandardService 180 - Starting service [Tomcat]
2019-04-28 21:07:54.632 [][] INFO  org.apache.catalina.core.StandardEngine 180 - Starting Servlet Engine: Apache Tomcat/8.5.31
2019-04-28 21:07:54.638 [][] INFO  org.apache.catalina.core.AprLifecycleListener 180 - Loaded APR based Apache Tomcat Native library [1.2.16] using APR version [1.6.3].
2019-04-28 21:07:54.639 [][] INFO  org.apache.catalina.core.AprLifecycleListener 180 - APR capabilities: IPv6 [true], sendfile [true], accept filters [false], random [true].
2019-04-28 21:07:54.639 [][] INFO  org.apache.catalina.core.AprLifecycleListener 180 - APR/OpenSSL configuration: useAprConnector [false], useOpenSSL [true]
2019-04-28 21:07:55.712 [][] INFO  org.apache.catalina.core.AprLifecycleListener 180 - OpenSSL successfully initialized [OpenSSL 1.0.2m  2 Nov 2017]
2019-04-28 21:07:55.982 [][] INFO  o.a.c.core.ContainerBase.[Tomcat].[localhost].[/] 180 - Initializing Spring embedded WebApplicationContext
2019-04-28 21:07:58.061 [][] INFO  org.apache.catalina.core.StandardService 180 - Stopping service [Tomcat]
2019-04-28 21:09:36.187 [][] INFO  cn.hkxj.platform.PlatformApplication 50 - Starting PlatformApplication on LAPTOP-0P9MRN9T with PID 10776 (D:\Java\GithubRepository\hkxj\target\classes started by Yuki in D:\Java\GithubRepository\hkxj)
2019-04-28 21:09:36.193 [][] INFO  cn.hkxj.platform.PlatformApplication 659 - No active profile set, falling back to default profiles: default
2019-04-28 21:09:39.269 [][] INFO  org.apache.coyote.http11.Http11NioProtocol 180 - Initializing ProtocolHandler ["http-nio-80"]
2019-04-28 21:09:39.283 [][] INFO  org.apache.catalina.core.StandardService 180 - Starting service [Tomcat]
2019-04-28 21:09:39.283 [][] INFO  org.apache.catalina.core.StandardEngine 180 - Starting Servlet Engine: Apache Tomcat/8.5.31
2019-04-28 21:09:39.289 [][] INFO  org.apache.catalina.core.AprLifecycleListener 180 - Loaded APR based Apache Tomcat Native library [1.2.16] using APR version [1.6.3].
2019-04-28 21:09:39.289 [][] INFO  org.apache.catalina.core.AprLifecycleListener 180 - APR capabilities: IPv6 [true], sendfile [true], accept filters [false], random [true].
2019-04-28 21:09:39.289 [][] INFO  org.apache.catalina.core.AprLifecycleListener 180 - APR/OpenSSL configuration: useAprConnector [false], useOpenSSL [true]
2019-04-28 21:09:40.348 [][] INFO  org.apache.catalina.core.AprLifecycleListener 180 - OpenSSL successfully initialized [OpenSSL 1.0.2m  2 Nov 2017]
2019-04-28 21:09:40.542 [][] INFO  o.a.c.core.ContainerBase.[Tomcat].[localhost].[/] 180 - Initializing Spring embedded WebApplicationContext
2019-04-28 21:09:42.600 [][] INFO  org.apache.catalina.core.StandardService 180 - Stopping service [Tomcat]
2019-04-28 21:12:19.966 [][] INFO  cn.hkxj.platform.PlatformApplication 50 - Starting PlatformApplication on LAPTOP-0P9MRN9T with PID 9312 (D:\Java\GithubRepository\hkxj\target\classes started by Yuki in D:\Java\GithubRepository\hkxj)
2019-04-28 21:12:19.972 [][] INFO  cn.hkxj.platform.PlatformApplication 659 - No active profile set, falling back to default profiles: default
2019-04-28 21:12:23.032 [][] INFO  org.apache.coyote.http11.Http11NioProtocol 180 - Initializing ProtocolHandler ["http-nio-80"]
2019-04-28 21:12:23.048 [][] INFO  org.apache.catalina.core.StandardService 180 - Starting service [Tomcat]
2019-04-28 21:12:23.049 [][] INFO  org.apache.catalina.core.StandardEngine 180 - Starting Servlet Engine: Apache Tomcat/8.5.31
2019-04-28 21:12:23.055 [][] INFO  org.apache.catalina.core.AprLifecycleListener 180 - Loaded APR based Apache Tomcat Native library [1.2.16] using APR version [1.6.3].
2019-04-28 21:12:23.055 [][] INFO  org.apache.catalina.core.AprLifecycleListener 180 - APR capabilities: IPv6 [true], sendfile [true], accept filters [false], random [true].
2019-04-28 21:12:23.055 [][] INFO  org.apache.catalina.core.AprLifecycleListener 180 - APR/OpenSSL configuration: useAprConnector [false], useOpenSSL [true]
2019-04-28 21:12:24.109 [][] INFO  org.apache.catalina.core.AprLifecycleListener 180 - OpenSSL successfully initialized [OpenSSL 1.0.2m  2 Nov 2017]
2019-04-28 21:12:24.299 [][] INFO  o.a.c.core.ContainerBase.[Tomcat].[localhost].[/] 180 - Initializing Spring embedded WebApplicationContext
2019-04-28 21:12:26.559 [][] INFO  org.apache.catalina.core.StandardService 180 - Stopping service [Tomcat]
2019-04-28 21:18:00.914 [][] INFO  cn.hkxj.platform.PlatformApplication 50 - Starting PlatformApplication on LAPTOP-0P9MRN9T with PID 3560 (D:\Java\GithubRepository\hkxj\target\classes started by Yuki in D:\Java\GithubRepository\hkxj)
2019-04-28 21:18:00.924 [][] INFO  cn.hkxj.platform.PlatformApplication 659 - No active profile set, falling back to default profiles: default
2019-04-28 21:18:04.088 [][] INFO  org.apache.coyote.http11.Http11NioProtocol 180 - Initializing ProtocolHandler ["http-nio-80"]
2019-04-28 21:18:04.100 [][] INFO  org.apache.catalina.core.StandardService 180 - Starting service [Tomcat]
2019-04-28 21:18:04.100 [][] INFO  org.apache.catalina.core.StandardEngine 180 - Starting Servlet Engine: Apache Tomcat/8.5.31
2019-04-28 21:18:04.106 [][] INFO  org.apache.catalina.core.AprLifecycleListener 180 - Loaded APR based Apache Tomcat Native library [1.2.16] using APR version [1.6.3].
2019-04-28 21:18:04.106 [][] INFO  org.apache.catalina.core.AprLifecycleListener 180 - APR capabilities: IPv6 [true], sendfile [true], accept filters [false], random [true].
2019-04-28 21:18:04.106 [][] INFO  org.apache.catalina.core.AprLifecycleListener 180 - APR/OpenSSL configuration: useAprConnector [false], useOpenSSL [true]
2019-04-28 21:18:05.168 [][] INFO  org.apache.catalina.core.AprLifecycleListener 180 - OpenSSL successfully initialized [OpenSSL 1.0.2m  2 Nov 2017]
2019-04-28 21:18:05.359 [][] INFO  o.a.c.core.ContainerBase.[Tomcat].[localhost].[/] 180 - Initializing Spring embedded WebApplicationContext
2019-04-28 21:18:07.696 [][] INFO  org.apache.catalina.core.StandardService 180 - Stopping service [Tomcat]
2019-04-28 21:18:49.910 [][] INFO  cn.hkxj.platform.PlatformApplication 50 - Starting PlatformApplication on LAPTOP-0P9MRN9T with PID 10572 (D:\Java\GithubRepository\hkxj\target\classes started by Yuki in D:\Java\GithubRepository\hkxj)
2019-04-28 21:18:49.916 [][] INFO  cn.hkxj.platform.PlatformApplication 659 - No active profile set, falling back to default profiles: default
2019-04-28 21:18:52.967 [][] INFO  org.apache.coyote.http11.Http11NioProtocol 180 - Initializing ProtocolHandler ["http-nio-80"]
2019-04-28 21:18:52.987 [][] INFO  org.apache.catalina.core.StandardService 180 - Starting service [Tomcat]
2019-04-28 21:18:52.987 [][] INFO  org.apache.catalina.core.StandardEngine 180 - Starting Servlet Engine: Apache Tomcat/8.5.31
2019-04-28 21:18:52.994 [][] INFO  org.apache.catalina.core.AprLifecycleListener 180 - Loaded APR based Apache Tomcat Native library [1.2.16] using APR version [1.6.3].
2019-04-28 21:18:52.994 [][] INFO  org.apache.catalina.core.AprLifecycleListener 180 - APR capabilities: IPv6 [true], sendfile [true], accept filters [false], random [true].
2019-04-28 21:18:52.995 [][] INFO  org.apache.catalina.core.AprLifecycleListener 180 - APR/OpenSSL configuration: useAprConnector [false], useOpenSSL [true]
2019-04-28 21:18:54.073 [][] INFO  org.apache.catalina.core.AprLifecycleListener 180 - OpenSSL successfully initialized [OpenSSL 1.0.2m  2 Nov 2017]
2019-04-28 21:18:54.258 [][] INFO  o.a.c.core.ContainerBase.[Tomcat].[localhost].[/] 180 - Initializing Spring embedded WebApplicationContext
2019-04-28 21:19:36.398 [][] INFO  org.apache.catalina.core.StandardService 180 - Stopping service [Tomcat]
2019-04-28 21:20:12.036 [][] INFO  cn.hkxj.platform.PlatformApplication 50 - Starting PlatformApplication on LAPTOP-0P9MRN9T with PID 3216 (D:\Java\GithubRepository\hkxj\target\classes started by Yuki in D:\Java\GithubRepository\hkxj)
2019-04-28 21:20:12.043 [][] INFO  cn.hkxj.platform.PlatformApplication 659 - No active profile set, falling back to default profiles: default
2019-04-28 21:20:15.175 [][] INFO  org.apache.coyote.http11.Http11NioProtocol 180 - Initializing ProtocolHandler ["http-nio-80"]
2019-04-28 21:20:15.187 [][] INFO  org.apache.catalina.core.StandardService 180 - Starting service [Tomcat]
2019-04-28 21:20:15.187 [][] INFO  org.apache.catalina.core.StandardEngine 180 - Starting Servlet Engine: Apache Tomcat/8.5.31
2019-04-28 21:20:15.193 [][] INFO  org.apache.catalina.core.AprLifecycleListener 180 - Loaded APR based Apache Tomcat Native library [1.2.16] using APR version [1.6.3].
2019-04-28 21:20:15.194 [][] INFO  org.apache.catalina.core.AprLifecycleListener 180 - APR capabilities: IPv6 [true], sendfile [true], accept filters [false], random [true].
2019-04-28 21:20:15.194 [][] INFO  org.apache.catalina.core.AprLifecycleListener 180 - APR/OpenSSL configuration: useAprConnector [false], useOpenSSL [true]
2019-04-28 21:20:16.256 [][] INFO  org.apache.catalina.core.AprLifecycleListener 180 - OpenSSL successfully initialized [OpenSSL 1.0.2m  2 Nov 2017]
2019-04-28 21:20:16.444 [][] INFO  o.a.c.core.ContainerBase.[Tomcat].[localhost].[/] 180 - Initializing Spring embedded WebApplicationContext
2019-04-28 21:20:40.672 [][] INFO  org.apache.catalina.core.StandardService 180 - Stopping service [Tomcat]
2019-04-28 21:23:54.587 [][] INFO  cn.hkxj.platform.PlatformApplication 50 - Starting PlatformApplication on LAPTOP-0P9MRN9T with PID 9300 (D:\Java\GithubRepository\hkxj\target\classes started by Yuki in D:\Java\GithubRepository\hkxj)
2019-04-28 21:23:54.594 [][] INFO  cn.hkxj.platform.PlatformApplication 659 - No active profile set, falling back to default profiles: default
2019-04-28 21:23:57.725 [][] INFO  org.apache.coyote.http11.Http11NioProtocol 180 - Initializing ProtocolHandler ["http-nio-80"]
2019-04-28 21:23:57.736 [][] INFO  org.apache.catalina.core.StandardService 180 - Starting service [Tomcat]
2019-04-28 21:23:57.737 [][] INFO  org.apache.catalina.core.StandardEngine 180 - Starting Servlet Engine: Apache Tomcat/8.5.31
2019-04-28 21:23:57.743 [][] INFO  org.apache.catalina.core.AprLifecycleListener 180 - Loaded APR based Apache Tomcat Native library [1.2.16] using APR version [1.6.3].
2019-04-28 21:23:57.743 [][] INFO  org.apache.catalina.core.AprLifecycleListener 180 - APR capabilities: IPv6 [true], sendfile [true], accept filters [false], random [true].
2019-04-28 21:23:57.744 [][] INFO  org.apache.catalina.core.AprLifecycleListener 180 - APR/OpenSSL configuration: useAprConnector [false], useOpenSSL [true]
2019-04-28 21:23:58.803 [][] INFO  org.apache.catalina.core.AprLifecycleListener 180 - OpenSSL successfully initialized [OpenSSL 1.0.2m  2 Nov 2017]
2019-04-28 21:23:58.998 [][] INFO  o.a.c.core.ContainerBase.[Tomcat].[localhost].[/] 180 - Initializing Spring embedded WebApplicationContext
2019-04-28 21:24:00.637 [][] INFO  org.apache.catalina.core.StandardService 180 - Stopping service [Tomcat]
2019-04-28 21:24:50.965 [][] INFO  cn.hkxj.platform.PlatformApplication 50 - Starting PlatformApplication on LAPTOP-0P9MRN9T with PID 3204 (D:\Java\GithubRepository\hkxj\target\classes started by Yuki in D:\Java\GithubRepository\hkxj)
2019-04-28 21:24:50.973 [][] INFO  cn.hkxj.platform.PlatformApplication 659 - No active profile set, falling back to default profiles: default
2019-04-28 21:24:54.152 [][] INFO  org.apache.coyote.http11.Http11NioProtocol 180 - Initializing ProtocolHandler ["http-nio-80"]
2019-04-28 21:24:54.164 [][] INFO  org.apache.catalina.core.StandardService 180 - Starting service [Tomcat]
2019-04-28 21:24:54.164 [][] INFO  org.apache.catalina.core.StandardEngine 180 - Starting Servlet Engine: Apache Tomcat/8.5.31
2019-04-28 21:24:54.170 [][] INFO  org.apache.catalina.core.AprLifecycleListener 180 - Loaded APR based Apache Tomcat Native library [1.2.16] using APR version [1.6.3].
2019-04-28 21:24:54.170 [][] INFO  org.apache.catalina.core.AprLifecycleListener 180 - APR capabilities: IPv6 [true], sendfile [true], accept filters [false], random [true].
2019-04-28 21:24:54.170 [][] INFO  org.apache.catalina.core.AprLifecycleListener 180 - APR/OpenSSL configuration: useAprConnector [false], useOpenSSL [true]
2019-04-28 21:24:55.238 [][] INFO  org.apache.catalina.core.AprLifecycleListener 180 - OpenSSL successfully initialized [OpenSSL 1.0.2m  2 Nov 2017]
2019-04-28 21:24:55.422 [][] INFO  o.a.c.core.ContainerBase.[Tomcat].[localhost].[/] 180 - Initializing Spring embedded WebApplicationContext
2019-04-28 21:24:57.052 [][] INFO  org.apache.catalina.core.StandardService 180 - Stopping service [Tomcat]
2019-04-28 21:25:24.515 [][] INFO  cn.hkxj.platform.PlatformApplication 50 - Starting PlatformApplication on LAPTOP-0P9MRN9T with PID 9928 (D:\Java\GithubRepository\hkxj\target\classes started by Yuki in D:\Java\GithubRepository\hkxj)
2019-04-28 21:25:24.521 [][] INFO  cn.hkxj.platform.PlatformApplication 659 - No active profile set, falling back to default profiles: default
2019-04-28 21:25:27.917 [][] INFO  org.apache.coyote.http11.Http11NioProtocol 180 - Initializing ProtocolHandler ["http-nio-80"]
2019-04-28 21:25:27.928 [][] INFO  org.apache.catalina.core.StandardService 180 - Starting service [Tomcat]
2019-04-28 21:25:27.928 [][] INFO  org.apache.catalina.core.StandardEngine 180 - Starting Servlet Engine: Apache Tomcat/8.5.31
2019-04-28 21:25:27.934 [][] INFO  org.apache.catalina.core.AprLifecycleListener 180 - Loaded APR based Apache Tomcat Native library [1.2.16] using APR version [1.6.3].
2019-04-28 21:25:27.934 [][] INFO  org.apache.catalina.core.AprLifecycleListener 180 - APR capabilities: IPv6 [true], sendfile [true], accept filters [false], random [true].
2019-04-28 21:25:27.934 [][] INFO  org.apache.catalina.core.AprLifecycleListener 180 - APR/OpenSSL configuration: useAprConnector [false], useOpenSSL [true]
2019-04-28 21:25:29.002 [][] INFO  org.apache.catalina.core.AprLifecycleListener 180 - OpenSSL successfully initialized [OpenSSL 1.0.2m  2 Nov 2017]
2019-04-28 21:25:29.198 [][] INFO  o.a.c.core.ContainerBase.[Tomcat].[localhost].[/] 180 - Initializing Spring embedded WebApplicationContext
2019-04-28 21:25:31.708 [][] INFO  org.apache.catalina.core.StandardService 180 - Stopping service [Tomcat]
2019-04-28 21:30:49.132 [][] INFO  cn.hkxj.platform.PlatformApplication 50 - Starting PlatformApplication on LAPTOP-0P9MRN9T with PID 16080 (D:\Java\GithubRepository\hkxj\target\classes started by Yuki in D:\Java\GithubRepository\hkxj)
2019-04-28 21:30:49.138 [][] INFO  cn.hkxj.platform.PlatformApplication 659 - No active profile set, falling back to default profiles: default
2019-04-28 21:30:52.415 [][] INFO  org.apache.coyote.http11.Http11NioProtocol 180 - Initializing ProtocolHandler ["http-nio-80"]
2019-04-28 21:30:52.428 [][] INFO  org.apache.catalina.core.StandardService 180 - Starting service [Tomcat]
2019-04-28 21:30:52.429 [][] INFO  org.apache.catalina.core.StandardEngine 180 - Starting Servlet Engine: Apache Tomcat/8.5.31
2019-04-28 21:30:52.435 [][] INFO  org.apache.catalina.core.AprLifecycleListener 180 - Loaded APR based Apache Tomcat Native library [1.2.16] using APR version [1.6.3].
2019-04-28 21:30:52.436 [][] INFO  org.apache.catalina.core.AprLifecycleListener 180 - APR capabilities: IPv6 [true], sendfile [true], accept filters [false], random [true].
2019-04-28 21:30:52.436 [][] INFO  org.apache.catalina.core.AprLifecycleListener 180 - APR/OpenSSL configuration: useAprConnector [false], useOpenSSL [true]
2019-04-28 21:30:53.519 [][] INFO  org.apache.catalina.core.AprLifecycleListener 180 - OpenSSL successfully initialized [OpenSSL 1.0.2m  2 Nov 2017]
2019-04-28 21:30:53.709 [][] INFO  o.a.c.core.ContainerBase.[Tomcat].[localhost].[/] 180 - Initializing Spring embedded WebApplicationContext
2019-04-28 21:30:55.442 [][] INFO  org.apache.catalina.core.StandardService 180 - Stopping service [Tomcat]
2019-04-28 21:32:24.529 [][] INFO  cn.hkxj.platform.PlatformApplication 50 - Starting PlatformApplication on LAPTOP-0P9MRN9T with PID 10776 (D:\Java\GithubRepository\hkxj\target\classes started by Yuki in D:\Java\GithubRepository\hkxj)
2019-04-28 21:32:24.536 [][] INFO  cn.hkxj.platform.PlatformApplication 659 - No active profile set, falling back to default profiles: default
2019-04-28 21:32:27.833 [][] INFO  org.apache.coyote.http11.Http11NioProtocol 180 - Initializing ProtocolHandler ["http-nio-80"]
2019-04-28 21:32:27.846 [][] INFO  org.apache.catalina.core.StandardService 180 - Starting service [Tomcat]
2019-04-28 21:32:27.846 [][] INFO  org.apache.catalina.core.StandardEngine 180 - Starting Servlet Engine: Apache Tomcat/8.5.31
2019-04-28 21:32:27.853 [][] INFO  org.apache.catalina.core.AprLifecycleListener 180 - Loaded APR based Apache Tomcat Native library [1.2.16] using APR version [1.6.3].
2019-04-28 21:32:27.853 [][] INFO  org.apache.catalina.core.AprLifecycleListener 180 - APR capabilities: IPv6 [true], sendfile [true], accept filters [false], random [true].
2019-04-28 21:32:27.853 [][] INFO  org.apache.catalina.core.AprLifecycleListener 180 - APR/OpenSSL configuration: useAprConnector [false], useOpenSSL [true]
2019-04-28 21:32:28.912 [][] INFO  org.apache.catalina.core.AprLifecycleListener 180 - OpenSSL successfully initialized [OpenSSL 1.0.2m  2 Nov 2017]
2019-04-28 21:32:29.111 [][] INFO  o.a.c.core.ContainerBase.[Tomcat].[localhost].[/] 180 - Initializing Spring embedded WebApplicationContext
2019-04-28 21:32:31.034 [][] INFO  org.apache.catalina.core.StandardService 180 - Stopping service [Tomcat]
2019-04-28 21:33:07.445 [][] INFO  cn.hkxj.platform.PlatformApplication 50 - Starting PlatformApplication on LAPTOP-0P9MRN9T with PID 3844 (D:\Java\GithubRepository\hkxj\target\classes started by Yuki in D:\Java\GithubRepository\hkxj)
2019-04-28 21:33:07.450 [][] INFO  cn.hkxj.platform.PlatformApplication 659 - No active profile set, falling back to default profiles: default
2019-04-28 21:33:10.479 [][] INFO  org.apache.coyote.http11.Http11NioProtocol 180 - Initializing ProtocolHandler ["http-nio-80"]
2019-04-28 21:33:10.494 [][] INFO  org.apache.catalina.core.StandardService 180 - Starting service [Tomcat]
2019-04-28 21:33:10.494 [][] INFO  org.apache.catalina.core.StandardEngine 180 - Starting Servlet Engine: Apache Tomcat/8.5.31
2019-04-28 21:33:10.500 [][] INFO  org.apache.catalina.core.AprLifecycleListener 180 - Loaded APR based Apache Tomcat Native library [1.2.16] using APR version [1.6.3].
2019-04-28 21:33:10.500 [][] INFO  org.apache.catalina.core.AprLifecycleListener 180 - APR capabilities: IPv6 [true], sendfile [true], accept filters [false], random [true].
2019-04-28 21:33:10.500 [][] INFO  org.apache.catalina.core.AprLifecycleListener 180 - APR/OpenSSL configuration: useAprConnector [false], useOpenSSL [true]
2019-04-28 21:33:11.571 [][] INFO  org.apache.catalina.core.AprLifecycleListener 180 - OpenSSL successfully initialized [OpenSSL 1.0.2m  2 Nov 2017]
2019-04-28 21:33:11.758 [][] INFO  o.a.c.core.ContainerBase.[Tomcat].[localhost].[/] 180 - Initializing Spring embedded WebApplicationContext
2019-04-28 21:33:13.354 [][] INFO  org.apache.catalina.core.StandardService 180 - Stopping service [Tomcat]
2019-04-28 21:33:29.174 [][] INFO  cn.hkxj.platform.PlatformApplication 50 - Starting PlatformApplication on LAPTOP-0P9MRN9T with PID 1380 (D:\Java\GithubRepository\hkxj\target\classes started by Yuki in D:\Java\GithubRepository\hkxj)
2019-04-28 21:33:29.180 [][] INFO  cn.hkxj.platform.PlatformApplication 659 - No active profile set, falling back to default profiles: default
2019-04-28 21:33:32.232 [][] INFO  org.apache.coyote.http11.Http11NioProtocol 180 - Initializing ProtocolHandler ["http-nio-80"]
2019-04-28 21:33:32.244 [][] INFO  org.apache.catalina.core.StandardService 180 - Starting service [Tomcat]
2019-04-28 21:33:32.244 [][] INFO  org.apache.catalina.core.StandardEngine 180 - Starting Servlet Engine: Apache Tomcat/8.5.31
2019-04-28 21:33:32.249 [][] INFO  org.apache.catalina.core.AprLifecycleListener 180 - Loaded APR based Apache Tomcat Native library [1.2.16] using APR version [1.6.3].
2019-04-28 21:33:32.250 [][] INFO  org.apache.catalina.core.AprLifecycleListener 180 - APR capabilities: IPv6 [true], sendfile [true], accept filters [false], random [true].
2019-04-28 21:33:32.250 [][] INFO  org.apache.catalina.core.AprLifecycleListener 180 - APR/OpenSSL configuration: useAprConnector [false], useOpenSSL [true]
2019-04-28 21:33:33.316 [][] INFO  org.apache.catalina.core.AprLifecycleListener 180 - OpenSSL successfully initialized [OpenSSL 1.0.2m  2 Nov 2017]
2019-04-28 21:33:33.506 [][] INFO  o.a.c.core.ContainerBase.[Tomcat].[localhost].[/] 180 - Initializing Spring embedded WebApplicationContext
2019-04-28 21:34:38.093 [][] INFO  org.apache.catalina.core.StandardService 180 - Stopping service [Tomcat]
2019-04-28 21:35:25.728 [][] INFO  cn.hkxj.platform.PlatformApplication 50 - Starting PlatformApplication on LAPTOP-0P9MRN9T with PID 12404 (D:\Java\GithubRepository\hkxj\target\classes started by Yuki in D:\Java\GithubRepository\hkxj)
2019-04-28 21:35:25.734 [][] INFO  cn.hkxj.platform.PlatformApplication 659 - No active profile set, falling back to default profiles: default
2019-04-28 21:35:28.829 [][] INFO  org.apache.coyote.http11.Http11NioProtocol 180 - Initializing ProtocolHandler ["http-nio-80"]
2019-04-28 21:35:28.841 [][] INFO  org.apache.catalina.core.StandardService 180 - Starting service [Tomcat]
2019-04-28 21:35:28.841 [][] INFO  org.apache.catalina.core.StandardEngine 180 - Starting Servlet Engine: Apache Tomcat/8.5.31
2019-04-28 21:35:28.846 [][] INFO  org.apache.catalina.core.AprLifecycleListener 180 - Loaded APR based Apache Tomcat Native library [1.2.16] using APR version [1.6.3].
2019-04-28 21:35:28.847 [][] INFO  org.apache.catalina.core.AprLifecycleListener 180 - APR capabilities: IPv6 [true], sendfile [true], accept filters [false], random [true].
2019-04-28 21:35:28.847 [][] INFO  org.apache.catalina.core.AprLifecycleListener 180 - APR/OpenSSL configuration: useAprConnector [false], useOpenSSL [true]
2019-04-28 21:35:29.911 [][] INFO  org.apache.catalina.core.AprLifecycleListener 180 - OpenSSL successfully initialized [OpenSSL 1.0.2m  2 Nov 2017]
2019-04-28 21:35:30.103 [][] INFO  o.a.c.core.ContainerBase.[Tomcat].[localhost].[/] 180 - Initializing Spring embedded WebApplicationContext
2019-04-28 21:35:31.703 [][] INFO  org.apache.catalina.core.StandardService 180 - Stopping service [Tomcat]
2019-04-28 21:35:47.754 [][] INFO  cn.hkxj.platform.PlatformApplication 50 - Starting PlatformApplication on LAPTOP-0P9MRN9T with PID 1060 (D:\Java\GithubRepository\hkxj\target\classes started by Yuki in D:\Java\GithubRepository\hkxj)
2019-04-28 21:35:47.760 [][] INFO  cn.hkxj.platform.PlatformApplication 659 - No active profile set, falling back to default profiles: default
2019-04-28 21:35:50.846 [][] INFO  org.apache.coyote.http11.Http11NioProtocol 180 - Initializing ProtocolHandler ["http-nio-80"]
2019-04-28 21:35:50.858 [][] INFO  org.apache.catalina.core.StandardService 180 - Starting service [Tomcat]
2019-04-28 21:35:50.859 [][] INFO  org.apache.catalina.core.StandardEngine 180 - Starting Servlet Engine: Apache Tomcat/8.5.31
2019-04-28 21:35:50.864 [][] INFO  org.apache.catalina.core.AprLifecycleListener 180 - Loaded APR based Apache Tomcat Native library [1.2.16] using APR version [1.6.3].
2019-04-28 21:35:50.865 [][] INFO  org.apache.catalina.core.AprLifecycleListener 180 - APR capabilities: IPv6 [true], sendfile [true], accept filters [false], random [true].
2019-04-28 21:35:50.865 [][] INFO  org.apache.catalina.core.AprLifecycleListener 180 - APR/OpenSSL configuration: useAprConnector [false], useOpenSSL [true]
2019-04-28 21:35:51.936 [][] INFO  org.apache.catalina.core.AprLifecycleListener 180 - OpenSSL successfully initialized [OpenSSL 1.0.2m  2 Nov 2017]
2019-04-28 21:35:52.126 [][] INFO  o.a.c.core.ContainerBase.[Tomcat].[localhost].[/] 180 - Initializing Spring embedded WebApplicationContext
2019-04-28 21:35:53.735 [][] INFO  org.apache.catalina.core.StandardService 180 - Stopping service [Tomcat]
2019-04-28 21:37:18.173 [][] INFO  cn.hkxj.platform.PlatformApplication 50 - Starting PlatformApplication on LAPTOP-0P9MRN9T with PID 10752 (D:\Java\GithubRepository\hkxj\target\classes started by Yuki in D:\Java\GithubRepository\hkxj)
2019-04-28 21:37:18.179 [][] INFO  cn.hkxj.platform.PlatformApplication 659 - No active profile set, falling back to default profiles: default
2019-04-28 21:37:21.218 [][] INFO  org.apache.coyote.http11.Http11NioProtocol 180 - Initializing ProtocolHandler ["http-nio-80"]
2019-04-28 21:37:21.231 [][] INFO  org.apache.catalina.core.StandardService 180 - Starting service [Tomcat]
2019-04-28 21:37:21.231 [][] INFO  org.apache.catalina.core.StandardEngine 180 - Starting Servlet Engine: Apache Tomcat/8.5.31
2019-04-28 21:37:21.236 [][] INFO  org.apache.catalina.core.AprLifecycleListener 180 - Loaded APR based Apache Tomcat Native library [1.2.16] using APR version [1.6.3].
2019-04-28 21:37:21.237 [][] INFO  org.apache.catalina.core.AprLifecycleListener 180 - APR capabilities: IPv6 [true], sendfile [true], accept filters [false], random [true].
2019-04-28 21:37:21.237 [][] INFO  org.apache.catalina.core.AprLifecycleListener 180 - APR/OpenSSL configuration: useAprConnector [false], useOpenSSL [true]
2019-04-28 21:37:22.306 [][] INFO  org.apache.catalina.core.AprLifecycleListener 180 - OpenSSL successfully initialized [OpenSSL 1.0.2m  2 Nov 2017]
2019-04-28 21:37:22.497 [][] INFO  o.a.c.core.ContainerBase.[Tomcat].[localhost].[/] 180 - Initializing Spring embedded WebApplicationContext
2019-04-28 21:38:07.656 [][] INFO  cn.hkxj.platform.PlatformApplication 50 - Starting PlatformApplication on LAPTOP-0P9MRN9T with PID 1272 (D:\Java\GithubRepository\hkxj\target\classes started by Yuki in D:\Java\GithubRepository\hkxj)
2019-04-28 21:38:07.662 [][] INFO  cn.hkxj.platform.PlatformApplication 659 - No active profile set, falling back to default profiles: default
2019-04-28 21:38:10.712 [][] INFO  org.apache.coyote.http11.Http11NioProtocol 180 - Initializing ProtocolHandler ["http-nio-80"]
2019-04-28 21:38:10.724 [][] INFO  org.apache.catalina.core.StandardService 180 - Starting service [Tomcat]
2019-04-28 21:38:10.724 [][] INFO  org.apache.catalina.core.StandardEngine 180 - Starting Servlet Engine: Apache Tomcat/8.5.31
2019-04-28 21:38:10.729 [][] INFO  org.apache.catalina.core.AprLifecycleListener 180 - Loaded APR based Apache Tomcat Native library [1.2.16] using APR version [1.6.3].
2019-04-28 21:38:10.730 [][] INFO  org.apache.catalina.core.AprLifecycleListener 180 - APR capabilities: IPv6 [true], sendfile [true], accept filters [false], random [true].
2019-04-28 21:38:10.730 [][] INFO  org.apache.catalina.core.AprLifecycleListener 180 - APR/OpenSSL configuration: useAprConnector [false], useOpenSSL [true]
2019-04-28 21:38:11.805 [][] INFO  org.apache.catalina.core.AprLifecycleListener 180 - OpenSSL successfully initialized [OpenSSL 1.0.2m  2 Nov 2017]
2019-04-28 21:38:11.987 [][] INFO  o.a.c.core.ContainerBase.[Tomcat].[localhost].[/] 180 - Initializing Spring embedded WebApplicationContext
2019-04-28 21:39:08.214 [][] INFO  cn.hkxj.platform.PlatformApplication 50 - Starting PlatformApplication on LAPTOP-0P9MRN9T with PID 8652 (D:\Java\GithubRepository\hkxj\target\classes started by Yuki in D:\Java\GithubRepository\hkxj)
2019-04-28 21:39:08.220 [][] INFO  cn.hkxj.platform.PlatformApplication 659 - No active profile set, falling back to default profiles: default
2019-04-28 21:39:11.253 [][] INFO  org.apache.coyote.http11.Http11NioProtocol 180 - Initializing ProtocolHandler ["http-nio-80"]
2019-04-28 21:39:11.266 [][] INFO  org.apache.catalina.core.StandardService 180 - Starting service [Tomcat]
2019-04-28 21:39:11.266 [][] INFO  org.apache.catalina.core.StandardEngine 180 - Starting Servlet Engine: Apache Tomcat/8.5.31
2019-04-28 21:39:11.272 [][] INFO  org.apache.catalina.core.AprLifecycleListener 180 - Loaded APR based Apache Tomcat Native library [1.2.16] using APR version [1.6.3].
2019-04-28 21:39:11.272 [][] INFO  org.apache.catalina.core.AprLifecycleListener 180 - APR capabilities: IPv6 [true], sendfile [true], accept filters [false], random [true].
2019-04-28 21:39:11.272 [][] INFO  org.apache.catalina.core.AprLifecycleListener 180 - APR/OpenSSL configuration: useAprConnector [false], useOpenSSL [true]
2019-04-28 21:39:12.338 [][] INFO  org.apache.catalina.core.AprLifecycleListener 180 - OpenSSL successfully initialized [OpenSSL 1.0.2m  2 Nov 2017]
2019-04-28 21:39:12.529 [][] INFO  o.a.c.core.ContainerBase.[Tomcat].[localhost].[/] 180 - Initializing Spring embedded WebApplicationContext
2019-04-28 21:40:08.276 [][] INFO  org.apache.coyote.http11.Http11NioProtocol 180 - Starting ProtocolHandler ["http-nio-80"]
2019-04-28 21:40:08.333 [][] INFO  cn.hkxj.platform.PlatformApplication 59 - Started PlatformApplication in 60.455 seconds (JVM running for 62.498)
2019-04-28 21:40:08.898 [][] INFO  o.a.c.core.ContainerBase.[Tomcat].[localhost].[/] 180 - Initializing Spring FrameworkServlet 'dispatcherServlet'
2019-04-28 21:40:08.911 [][] INFO  com.zaxxer.hikari.HikariDataSource 110 - HikariPool-1 - Starting...
2019-04-28 21:40:09.201 [][] INFO  com.zaxxer.hikari.HikariDataSource 123 - HikariPool-1 - Start completed.
2019-04-28 21:40:09.317 [][] INFO  io.lettuce.core.EpollProvider 101 - Starting without optional epoll library
2019-04-28 21:40:09.319 [][] INFO  io.lettuce.core.KqueueProvider 101 - Starting without optional kqueue library
2019-04-28 21:41:16.811 [][] INFO  cn.hkxj.platform.PlatformApplication 50 - Starting PlatformApplication on LAPTOP-0P9MRN9T with PID 14532 (D:\Java\GithubRepository\hkxj\target\classes started by Yuki in D:\Java\GithubRepository\hkxj)
2019-04-28 21:41:16.817 [][] INFO  cn.hkxj.platform.PlatformApplication 659 - No active profile set, falling back to default profiles: default
2019-04-28 21:41:19.922 [][] INFO  org.apache.coyote.http11.Http11NioProtocol 180 - Initializing ProtocolHandler ["http-nio-80"]
2019-04-28 21:41:19.935 [][] INFO  org.apache.catalina.core.StandardService 180 - Starting service [Tomcat]
2019-04-28 21:41:19.935 [][] INFO  org.apache.catalina.core.StandardEngine 180 - Starting Servlet Engine: Apache Tomcat/8.5.31
2019-04-28 21:41:19.941 [][] INFO  org.apache.catalina.core.AprLifecycleListener 180 - Loaded APR based Apache Tomcat Native library [1.2.16] using APR version [1.6.3].
2019-04-28 21:41:19.942 [][] INFO  org.apache.catalina.core.AprLifecycleListener 180 - APR capabilities: IPv6 [true], sendfile [true], accept filters [false], random [true].
2019-04-28 21:41:19.942 [][] INFO  org.apache.catalina.core.AprLifecycleListener 180 - APR/OpenSSL configuration: useAprConnector [false], useOpenSSL [true]
2019-04-28 21:41:21.001 [][] INFO  org.apache.catalina.core.AprLifecycleListener 180 - OpenSSL successfully initialized [OpenSSL 1.0.2m  2 Nov 2017]
2019-04-28 21:41:21.188 [][] INFO  o.a.c.core.ContainerBase.[Tomcat].[localhost].[/] 180 - Initializing Spring embedded WebApplicationContext
2019-04-28 21:41:25.720 [][] INFO  org.apache.coyote.http11.Http11NioProtocol 180 - Starting ProtocolHandler ["http-nio-80"]
2019-04-28 21:41:25.756 [][] INFO  cn.hkxj.platform.PlatformApplication 59 - Started PlatformApplication in 9.381 seconds (JVM running for 11.373)
2019-04-28 21:41:26.297 [][] INFO  o.a.c.core.ContainerBase.[Tomcat].[localhost].[/] 180 - Initializing Spring FrameworkServlet 'dispatcherServlet'
2019-04-28 21:41:26.310 [][] INFO  com.zaxxer.hikari.HikariDataSource 110 - HikariPool-1 - Starting...
2019-04-28 21:41:26.511 [][] INFO  com.zaxxer.hikari.HikariDataSource 123 - HikariPool-1 - Start completed.
2019-04-28 21:41:26.637 [][] INFO  io.lettuce.core.EpollProvider 101 - Starting without optional epoll library
2019-04-28 21:41:26.639 [][] INFO  io.lettuce.core.KqueueProvider 101 - Starting without optional kqueue library
2019-04-28 21:44:41.165 [2bb0c33c-f57e-43f7-9881-ce025088783b][] INFO  c.hkxj.platform.controller.wechat.WechatController 58 - 
[b93f754267ccd6ce6e2401d959094e33fb575ab6, 1556459079, 732487649, 8065696392145125343]
2019-04-28 21:44:52.317 [766924be-568e-482f-832e-41320eef09aa][] INFO  c.hkxj.platform.controller.wechat.WechatController 58 - 
[a2a2b9e8d1000c904f8977fcb9f6e00e7abe57ad, 1556459090, 845181683, 2087221693622628090]
2019-04-28 21:45:19.455 [5d77d68f-5d18-4ae9-ab1d-4ce3bdd7eb0d][] INFO  c.hkxj.platform.controller.wechat.WechatController 82 - 
[signature=[cc19ccdf215a2c119eea1cd6a12064e1a95c4d5c], encType=[null], msgSignature=[null], timestamp=[1556459115], nonce=[109553270], requestBody=[
<xml><ToUserName><![CDATA[gh_e674ed60dcb2]]></ToUserName>
<FromUserName><![CDATA[oWPfu0noOKkUHpTkmP8ExbUgfqUY]]></FromUserName>
<CreateTime>1556459115</CreateTime>
<MsgType><![CDATA[text]]></MsgType>
<Content><![CDATA[]]></Content>
<MsgId>22283137368708499</MsgId>
</xml>
] 
2019-04-28 21:45:19.824 [5d77d68f-5d18-4ae9-ab1d-4ce3bdd7eb0d][oWPfu0noOKkUHpTkmP8ExbUgfqUY] INFO  c.h.platform.interceptor.WechatOpenIdInterceptor 41 - content  check openid oWPfu0noOKkUHpTkmP8ExbUgfqUY is not bind
2019-04-28 21:45:19.842 [5d77d68f-5d18-4ae9-ab1d-4ce3bdd7eb0d][oWPfu0noOKkUHpTkmP8ExbUgfqUY] INFO  c.hkxj.platform.controller.wechat.WechatController 116 - wechat message out <xml>
  <ToUserName><![CDATA[oWPfu0noOKkUHpTkmP8ExbUgfqUY]]></ToUserName>
  <FromUserName><![CDATA[gh_e674ed60dcb2]]></FromUserName>
  <CreateTime>1556459119</CreateTime>
  <MsgType><![CDATA[text]]></MsgType>
  <Content><![CDATA[<a href="https://7c8aab51.ngrok.io/bind?openid=oWPfu0noOKkUHpTkmP8ExbUgfqUY"></a>]]></Content>
</xml>
2019-04-28 21:45:50.329 [][] INFO  cn.hkxj.platform.PlatformApplication 50 - Starting PlatformApplication on LAPTOP-0P9MRN9T with PID 14608 (D:\Java\GithubRepository\hkxj\target\classes started by Yuki in D:\Java\GithubRepository\hkxj)
2019-04-28 21:45:50.334 [][] INFO  cn.hkxj.platform.PlatformApplication 659 - No active profile set, falling back to default profiles: default
2019-04-28 21:45:52.513 [][] INFO  org.apache.coyote.http11.Http11NioProtocol 180 - Initializing ProtocolHandler ["http-nio-80"]
2019-04-28 21:45:52.524 [][] INFO  org.apache.catalina.core.StandardService 180 - Starting service [Tomcat]
2019-04-28 21:45:52.525 [][] INFO  org.apache.catalina.core.StandardEngine 180 - Starting Servlet Engine: Apache Tomcat/8.5.31
2019-04-28 21:45:52.528 [][] INFO  org.apache.catalina.core.AprLifecycleListener 180 - Loaded APR based Apache Tomcat Native library [1.2.16] using APR version [1.6.3].
2019-04-28 21:45:52.529 [][] INFO  org.apache.catalina.core.AprLifecycleListener 180 - APR capabilities: IPv6 [true], sendfile [true], accept filters [false], random [true].
2019-04-28 21:45:52.529 [][] INFO  org.apache.catalina.core.AprLifecycleListener 180 - APR/OpenSSL configuration: useAprConnector [false], useOpenSSL [true]
2019-04-28 21:45:53.598 [][] INFO  org.apache.catalina.core.AprLifecycleListener 180 - OpenSSL successfully initialized [OpenSSL 1.0.2m  2 Nov 2017]
2019-04-28 21:45:53.861 [][] INFO  o.a.c.core.ContainerBase.[Tomcat].[localhost].[/] 180 - Initializing Spring embedded WebApplicationContext
2019-04-28 21:45:57.468 [][] INFO  org.apache.coyote.http11.Http11NioProtocol 180 - Starting ProtocolHandler ["http-nio-80"]
2019-04-28 21:45:57.497 [][] INFO  cn.hkxj.platform.PlatformApplication 59 - Started PlatformApplication in 7.473 seconds (JVM running for 9.338)
2019-04-28 21:45:58.048 [][] INFO  com.zaxxer.hikari.HikariDataSource 110 - HikariPool-1 - Starting...
2019-04-28 21:45:58.057 [][] INFO  o.a.c.core.ContainerBase.[Tomcat].[localhost].[/] 180 - Initializing Spring FrameworkServlet 'dispatcherServlet'
2019-04-28 21:45:58.227 [][] INFO  com.zaxxer.hikari.HikariDataSource 123 - HikariPool-1 - Start completed.
2019-04-28 21:45:58.322 [][] INFO  io.lettuce.core.EpollProvider 101 - Starting without optional epoll library
2019-04-28 21:45:58.323 [][] INFO  io.lettuce.core.KqueueProvider 101 - Starting without optional kqueue library
2019-04-28 21:46:07.272 [159a0a23-1ba1-445a-b4de-02152040955c][] INFO  c.hkxj.platform.controller.wechat.WechatController 82 - 
[signature=[5bb09e40233802b104c733d7792bd115da9b00eb], encType=[null], msgSignature=[null], timestamp=[1556459165], nonce=[2038881934], requestBody=[
<xml><ToUserName><![CDATA[gh_e674ed60dcb2]]></ToUserName>
<FromUserName><![CDATA[oWPfu0noOKkUHpTkmP8ExbUgfqUY]]></FromUserName>
<CreateTime>1556459165</CreateTime>
<MsgType><![CDATA[text]]></MsgType>
<Content><![CDATA[]]></Content>
<MsgId>22283139821222587</MsgId>
</xml>
] 
2019-04-28 21:46:07.605 [159a0a23-1ba1-445a-b4de-02152040955c][oWPfu0noOKkUHpTkmP8ExbUgfqUY] INFO  c.hkxj.platform.controller.wechat.WechatController 116 - wechat message out <xml>
  <ToUserName><![CDATA[oWPfu0noOKkUHpTkmP8ExbUgfqUY]]></ToUserName>
  <FromUserName><![CDATA[gh_e674ed60dcb2]]></FromUserName>
  <CreateTime>1556459167</CreateTime>
  <MsgType><![CDATA[text]]></MsgType>
  <Content><![CDATA[<a href=''></a>]]></Content>
</xml>
2019-04-28 21:46:35.579 [][] INFO  cn.hkxj.platform.PlatformApplication 50 - Starting PlatformApplication on LAPTOP-0P9MRN9T with PID 14048 (D:\Java\GithubRepository\hkxj\target\classes started by Yuki in D:\Java\GithubRepository\hkxj)
2019-04-28 21:46:35.584 [][] INFO  cn.hkxj.platform.PlatformApplication 659 - No active profile set, falling back to default profiles: default
2019-04-28 21:46:37.817 [][] INFO  org.apache.coyote.http11.Http11NioProtocol 180 - Initializing ProtocolHandler ["http-nio-80"]
2019-04-28 21:46:37.828 [][] INFO  org.apache.catalina.core.StandardService 180 - Starting service [Tomcat]
2019-04-28 21:46:37.828 [][] INFO  org.apache.catalina.core.StandardEngine 180 - Starting Servlet Engine: Apache Tomcat/8.5.31
2019-04-28 21:46:37.832 [][] INFO  org.apache.catalina.core.AprLifecycleListener 180 - Loaded APR based Apache Tomcat Native library [1.2.16] using APR version [1.6.3].
2019-04-28 21:46:37.832 [][] INFO  org.apache.catalina.core.AprLifecycleListener 180 - APR capabilities: IPv6 [true], sendfile [true], accept filters [false], random [true].
2019-04-28 21:46:37.832 [][] INFO  org.apache.catalina.core.AprLifecycleListener 180 - APR/OpenSSL configuration: useAprConnector [false], useOpenSSL [true]
2019-04-28 21:46:38.889 [][] INFO  org.apache.catalina.core.AprLifecycleListener 180 - OpenSSL successfully initialized [OpenSSL 1.0.2m  2 Nov 2017]
2019-04-28 21:46:39.158 [][] INFO  o.a.c.core.ContainerBase.[Tomcat].[localhost].[/] 180 - Initializing Spring embedded WebApplicationContext
2019-04-28 21:46:42.706 [][] INFO  org.apache.coyote.http11.Http11NioProtocol 180 - Starting ProtocolHandler ["http-nio-80"]
2019-04-28 21:46:42.736 [][] INFO  cn.hkxj.platform.PlatformApplication 59 - Started PlatformApplication in 7.466 seconds (JVM running for 9.115)
2019-04-28 21:46:43.470 [][] INFO  o.a.c.core.ContainerBase.[Tomcat].[localhost].[/] 180 - Initializing Spring FrameworkServlet 'dispatcherServlet'
2019-04-28 21:46:43.480 [][] INFO  com.zaxxer.hikari.HikariDataSource 110 - HikariPool-1 - Starting...
2019-04-28 21:46:43.648 [][] INFO  com.zaxxer.hikari.HikariDataSource 123 - HikariPool-1 - Start completed.
2019-04-28 21:46:43.742 [][] INFO  io.lettuce.core.EpollProvider 101 - Starting without optional epoll library
2019-04-28 21:46:43.743 [][] INFO  io.lettuce.core.KqueueProvider 101 - Starting without optional kqueue library
2019-04-28 21:46:52.345 [5ee508c1-1d27-4151-9962-4aced3fd8b81][] INFO  c.hkxj.platform.controller.wechat.WechatController 82 - 
[signature=[6a51ff883eb10b78666b4a8b2f839ba91297923c], encType=[null], msgSignature=[null], timestamp=[1556459210], nonce=[705886011], requestBody=[
<xml><ToUserName><![CDATA[gh_e674ed60dcb2]]></ToUserName>
<FromUserName><![CDATA[oWPfu0noOKkUHpTkmP8ExbUgfqUY]]></FromUserName>
<CreateTime>1556459210</CreateTime>
<MsgType><![CDATA[text]]></MsgType>
<Content><![CDATA[]]></Content>
<MsgId>22283138795051925</MsgId>
</xml>
] 
2019-04-28 21:46:52.672 [5ee508c1-1d27-4151-9962-4aced3fd8b81][oWPfu0noOKkUHpTkmP8ExbUgfqUY] INFO  c.hkxj.platform.controller.wechat.WechatController 116 - wechat message out <xml>
  <ToUserName><![CDATA[oWPfu0noOKkUHpTkmP8ExbUgfqUY]]></ToUserName>
  <FromUserName><![CDATA[gh_e674ed60dcb2]]></FromUserName>
  <CreateTime>1556459212</CreateTime>
  <MsgType><![CDATA[text]]></MsgType>
  <Content><![CDATA[]]></Content>
</xml>
2019-04-28 22:30:58.882 [][] INFO  cn.hkxj.platform.PlatformApplication 50 - Starting PlatformApplication on LAPTOP-0P9MRN9T with PID 9228 (D:\Java\GithubRepository\hkxj\target\classes started by Yuki in D:\Java\GithubRepository\hkxj)
2019-04-28 22:30:58.888 [][] INFO  cn.hkxj.platform.PlatformApplication 659 - No active profile set, falling back to default profiles: default
2019-04-28 22:31:02.055 [][] INFO  org.apache.coyote.http11.Http11NioProtocol 180 - Initializing ProtocolHandler ["http-nio-80"]
2019-04-28 22:31:02.066 [][] INFO  org.apache.catalina.core.StandardService 180 - Starting service [Tomcat]
2019-04-28 22:31:02.066 [][] INFO  org.apache.catalina.core.StandardEngine 180 - Starting Servlet Engine: Apache Tomcat/8.5.31
2019-04-28 22:31:02.072 [][] INFO  org.apache.catalina.core.AprLifecycleListener 180 - Loaded APR based Apache Tomcat Native library [1.2.16] using APR version [1.6.3].
2019-04-28 22:31:02.072 [][] INFO  org.apache.catalina.core.AprLifecycleListener 180 - APR capabilities: IPv6 [true], sendfile [true], accept filters [false], random [true].
2019-04-28 22:31:02.072 [][] INFO  org.apache.catalina.core.AprLifecycleListener 180 - APR/OpenSSL configuration: useAprConnector [false], useOpenSSL [true]
2019-04-28 22:31:03.140 [][] INFO  org.apache.catalina.core.AprLifecycleListener 180 - OpenSSL successfully initialized [OpenSSL 1.0.2m  2 Nov 2017]
2019-04-28 22:31:03.335 [][] INFO  o.a.c.core.ContainerBase.[Tomcat].[localhost].[/] 180 - Initializing Spring embedded WebApplicationContext
2019-04-28 22:31:07.851 [][] INFO  org.apache.coyote.http11.Http11NioProtocol 180 - Starting ProtocolHandler ["http-nio-80"]
2019-04-28 22:31:07.887 [][] INFO  cn.hkxj.platform.PlatformApplication 59 - Started PlatformApplication in 9.449 seconds (JVM running for 11.399)
2019-04-28 22:31:08.409 [][] INFO  o.a.c.core.ContainerBase.[Tomcat].[localhost].[/] 180 - Initializing Spring FrameworkServlet 'dispatcherServlet'
2019-04-28 22:31:08.420 [][] INFO  com.zaxxer.hikari.HikariDataSource 110 - HikariPool-1 - Starting...
2019-04-28 22:31:08.616 [][] INFO  com.zaxxer.hikari.HikariDataSource 123 - HikariPool-1 - Start completed.
2019-04-28 22:31:08.734 [][] INFO  io.lettuce.core.EpollProvider 101 - Starting without optional epoll library
2019-04-28 22:31:08.737 [][] INFO  io.lettuce.core.KqueueProvider 101 - Starting without optional kqueue library
2019-04-28 22:31:54.038 [655b59f8-5c81-493d-994c-fe315d1ad1ff][] INFO  c.hkxj.platform.controller.wechat.WechatController 82 - 
[signature=[8c8dace69c674d18ddb197985c714c6ee548956a], encType=[null], msgSignature=[null], timestamp=[1556461908], nonce=[656488010], requestBody=[
<xml><ToUserName><![CDATA[gh_e674ed60dcb2]]></ToUserName>
<FromUserName><![CDATA[oWPfu0noOKkUHpTkmP8ExbUgfqUY]]></FromUserName>
<CreateTime>1556461908</CreateTime>
<MsgType><![CDATA[text]]></MsgType>
<Content><![CDATA[]]></Content>
<MsgId>22283177023864859</MsgId>
</xml>
] 
2019-04-28 22:31:54.657 [655b59f8-5c81-493d-994c-fe315d1ad1ff][oWPfu0noOKkUHpTkmP8ExbUgfqUY] INFO  cn.hkxj.platform.service.impl.CourseServiceImpl 57 - query currentday course schedule --account 2016024170, academy 11 day0
2019-04-28 22:32:41.155 [][] INFO  cn.hkxj.platform.PlatformApplication 50 - Starting PlatformApplication on LAPTOP-0P9MRN9T with PID 6540 (D:\Java\GithubRepository\hkxj\target\classes started by Yuki in D:\Java\GithubRepository\hkxj)
2019-04-28 22:32:41.160 [][] INFO  cn.hkxj.platform.PlatformApplication 659 - No active profile set, falling back to default profiles: default
2019-04-28 22:32:44.252 [][] INFO  org.apache.coyote.http11.Http11NioProtocol 180 - Initializing ProtocolHandler ["http-nio-80"]
2019-04-28 22:32:44.265 [][] INFO  org.apache.catalina.core.StandardService 180 - Starting service [Tomcat]
2019-04-28 22:32:44.265 [][] INFO  org.apache.catalina.core.StandardEngine 180 - Starting Servlet Engine: Apache Tomcat/8.5.31
2019-04-28 22:32:44.271 [][] INFO  org.apache.catalina.core.AprLifecycleListener 180 - Loaded APR based Apache Tomcat Native library [1.2.16] using APR version [1.6.3].
2019-04-28 22:32:44.271 [][] INFO  org.apache.catalina.core.AprLifecycleListener 180 - APR capabilities: IPv6 [true], sendfile [true], accept filters [false], random [true].
2019-04-28 22:32:44.271 [][] INFO  org.apache.catalina.core.AprLifecycleListener 180 - APR/OpenSSL configuration: useAprConnector [false], useOpenSSL [true]
2019-04-28 22:32:45.322 [][] INFO  org.apache.catalina.core.AprLifecycleListener 180 - OpenSSL successfully initialized [OpenSSL 1.0.2m  2 Nov 2017]
2019-04-28 22:32:45.521 [][] INFO  o.a.c.core.ContainerBase.[Tomcat].[localhost].[/] 180 - Initializing Spring embedded WebApplicationContext
2019-04-28 22:32:50.050 [][] INFO  org.apache.coyote.http11.Http11NioProtocol 180 - Starting ProtocolHandler ["http-nio-80"]
2019-04-28 22:32:50.086 [][] INFO  cn.hkxj.platform.PlatformApplication 59 - Started PlatformApplication in 9.307 seconds (JVM running for 11.24)
2019-04-28 22:32:50.356 [][] INFO  o.a.c.core.ContainerBase.[Tomcat].[localhost].[/] 180 - Initializing Spring FrameworkServlet 'dispatcherServlet'
2019-04-28 22:32:50.368 [][] INFO  com.zaxxer.hikari.HikariDataSource 110 - HikariPool-1 - Starting...
2019-04-28 22:32:50.564 [][] INFO  com.zaxxer.hikari.HikariDataSource 123 - HikariPool-1 - Start completed.
2019-04-28 22:32:50.680 [][] INFO  io.lettuce.core.EpollProvider 101 - Starting without optional epoll library
2019-04-28 22:32:50.684 [][] INFO  io.lettuce.core.KqueueProvider 101 - Starting without optional kqueue library
2019-04-28 22:33:05.917 [c915bad3-cfe8-4387-a4a2-5e606834f8e4][] INFO  c.hkxj.platform.controller.wechat.WechatController 82 - 
[signature=[4458e265a8d5de31af1288fd1bcd04b0fe964ac3], encType=[null], msgSignature=[null], timestamp=[1556461982], nonce=[1589771114], requestBody=[
<xml><ToUserName><![CDATA[gh_e674ed60dcb2]]></ToUserName>
<FromUserName><![CDATA[oWPfu0noOKkUHpTkmP8ExbUgfqUY]]></FromUserName>
<CreateTime>1556461982</CreateTime>
<MsgType><![CDATA[text]]></MsgType>
<Content><![CDATA[]]></Content>
<MsgId>22283177511812040</MsgId>
</xml>
] 
2019-04-28 22:33:06.218 [c915bad3-cfe8-4387-a4a2-5e606834f8e4][oWPfu0noOKkUHpTkmP8ExbUgfqUY] INFO  cn.hkxj.platform.service.impl.CourseServiceImpl 57 - query currentday course schedule --account 2016024170, academy 11 day0
2019-04-28 22:33:10.728 [50acb06e-f2bd-44f7-ac17-65fcd01f66b2][] INFO  c.hkxj.platform.controller.wechat.WechatController 82 - 
[signature=[284d4b3638d405cd6be573d0980d7ddfc7a8ed29], encType=[null], msgSignature=[null], timestamp=[1556461987], nonce=[1629461019], requestBody=[
<xml><ToUserName><![CDATA[gh_e674ed60dcb2]]></ToUserName>
<FromUserName><![CDATA[oWPfu0noOKkUHpTkmP8ExbUgfqUY]]></FromUserName>
<CreateTime>1556461987</CreateTime>
<MsgType><![CDATA[event]]></MsgType>
<Event><![CDATA[TEMPLATESENDJOBFINISH]]></Event>
<MsgID>786343363451699200</MsgID>
<Status><![CDATA[success]]></Status>
</xml>
] 
2019-04-28 22:33:11.418 [1505eddb-43c6-47e5-80f0-6f66b71dc4e5][] INFO  c.hkxj.platform.controller.wechat.WechatController 82 - 
[signature=[4458e265a8d5de31af1288fd1bcd04b0fe964ac3], encType=[null], msgSignature=[null], timestamp=[1556461982], nonce=[1589771114], requestBody=[
<xml><ToUserName><![CDATA[gh_e674ed60dcb2]]></ToUserName>
<FromUserName><![CDATA[oWPfu0noOKkUHpTkmP8ExbUgfqUY]]></FromUserName>
<CreateTime>1556461982</CreateTime>
<MsgType><![CDATA[text]]></MsgType>
<Content><![CDATA[]]></Content>
<MsgId>22283177511812040</MsgId>
</xml>
] 
